<?xml version="1.0" encoding="UTF-8"?>
<robot generator="Robot 6.1.1 (Python 3.12.1 on win32)" generated="20240903 18:27:01.018" rpa="false" schemaversion="4">
<suite id="s1" name="FindNewCarsTest DataDriven" source="C:\Users\yashshvi.a.mittal\RobotFramework\robot-python\testScripts\uiTestCases\FindNewCarsTest_DataDriven.robot">
<test id="s1-t1" name="Find New Toyota Car Test" line="36">
<kw name="Find New Cars">
<arg>chrome</arg>
<arg>Toyota</arg>
<arg>Toyota Cars</arg>
<kw name="Launching Browser" library="commons">
<arg>${testsiteurl}</arg>
<arg>${browser}</arg>
<kw name="Open Browser" library="SeleniumLibrary">
<arg>${url}</arg>
<arg>${browserName}</arg>
<doc>Opens a new browser instance to the optional ``url``.</doc>
<msg timestamp="20240903 18:27:03.157" level="INFO">Opening browser 'chrome' to base url 'https://carwale.com/'.</msg>
<status status="PASS" starttime="20240903 18:27:03.157" endtime="20240903 18:27:18.716"/>
</kw>
<kw name="Set Selenium Implicit Wait" library="SeleniumLibrary">
<arg>20 seconds</arg>
<doc>Sets the implicit wait value used by Selenium.</doc>
<status status="PASS" starttime="20240903 18:27:18.716" endtime="20240903 18:27:18.719"/>
</kw>
<kw name="Log Title" library="SeleniumLibrary">
<doc>Logs and returns the title of the current page.</doc>
<msg timestamp="20240903 18:27:18.732" level="INFO">New Cars, Used Cars, Buy a Car, Sell Your Car - CarWale</msg>
<status status="PASS" starttime="20240903 18:27:18.720" endtime="20240903 18:27:18.732"/>
</kw>
<status status="PASS" starttime="20240903 18:27:03.157" endtime="20240903 18:27:18.733"/>
</kw>
<kw name="Maximize Browser Window" library="SeleniumLibrary">
<doc>Maximizes current browser window.</doc>
<status status="PASS" starttime="20240903 18:27:18.733" endtime="20240903 18:27:18.799"/>
</kw>
<kw name="Go to new car page" library="HomePage">
<kw name="Mouse Over" library="SeleniumLibrary">
<arg>${newcar_xpath}</arg>
<doc>Simulates hovering the mouse over the element ``locator``.</doc>
<msg timestamp="20240903 18:27:18.801" level="INFO">Simulating Mouse Over on element '//div[normalize-space()='NEW CARS']'.</msg>
<status status="PASS" starttime="20240903 18:27:18.799" endtime="20240903 18:27:19.157"/>
</kw>
<kw name="Click Element" library="SeleniumLibrary">
<arg>${findnewcar_xpath}</arg>
<doc>Click the element identified by ``locator``.</doc>
<msg timestamp="20240903 18:27:19.159" level="INFO">Clicking element '//div[contains(text(),'Find New Cars')]'.</msg>
<status status="PASS" starttime="20240903 18:27:19.158" endtime="20240903 18:27:19.362"/>
</kw>
<kw name="Element Text Should Be" library="SeleniumLibrary">
<arg>${newcar_header_xpath}</arg>
<arg>New Cars</arg>
<doc>Verifies that element ``locator`` contains exact the text ``expected``.</doc>
<msg timestamp="20240903 18:27:19.364" level="INFO">Verifying element '//h1[normalize-space()='New Cars']' contains exact text 'New Cars'.</msg>
<status status="PASS" starttime="20240903 18:27:19.362" endtime="20240903 18:27:19.818"/>
</kw>
<status status="PASS" starttime="20240903 18:27:18.799" endtime="20240903 18:27:19.819"/>
</kw>
<if>
<branch type="IF" condition="'${brandname}' == 'Toyota'">
<kw name="Go to Toyota" library="NewCarPage">
<kw name="Click Element" library="SeleniumLibrary">
<arg>${toyotacar_xpath}</arg>
<doc>Click the element identified by ``locator``.</doc>
<msg timestamp="20240903 18:27:19.821" level="INFO">Clicking element '//div[normalize-space()='Toyota']'.</msg>
<status status="PASS" starttime="20240903 18:27:19.820" endtime="20240903 18:27:19.954"/>
</kw>
<status status="PASS" starttime="20240903 18:27:19.819" endtime="20240903 18:27:19.955"/>
</kw>
<status status="PASS" starttime="20240903 18:27:19.819" endtime="20240903 18:27:19.955"/>
</branch>
<branch type="ELSE IF" condition="'${brandname}' == 'BMW'">
<kw name="Go to BMW" library="NewCarPage">
<status status="NOT RUN" starttime="20240903 18:27:19.955" endtime="20240903 18:27:19.955"/>
</kw>
<status status="NOT RUN" starttime="20240903 18:27:19.955" endtime="20240903 18:27:19.955"/>
</branch>
<branch type="ELSE IF" condition="'${brandname}' == 'Kia'">
<kw name="Go to Kia" library="NewCarPage">
<status status="NOT RUN" starttime="20240903 18:27:19.955" endtime="20240903 18:27:19.955"/>
</kw>
<status status="NOT RUN" starttime="20240903 18:27:19.955" endtime="20240903 18:27:19.955"/>
</branch>
<branch type="ELSE">
<kw name="Log To Console" library="BuiltIn">
<arg>Invalid car selected</arg>
<doc>Logs the given message to the console.</doc>
<status status="NOT RUN" starttime="20240903 18:27:19.955" endtime="20240903 18:27:19.955"/>
</kw>
<status status="NOT RUN" starttime="20240903 18:27:19.955" endtime="20240903 18:27:19.955"/>
</branch>
<status status="PASS" starttime="20240903 18:27:19.819" endtime="20240903 18:27:19.955"/>
</if>
<kw name="Verify Car heading" library="CarBase">
<arg>${carheading}</arg>
<kw name="Element Text Should Be" library="SeleniumLibrary">
<arg>${carheading_xpath}</arg>
<arg>${carheading}</arg>
<doc>Verifies that element ``locator`` contains exact the text ``expected``.</doc>
<msg timestamp="20240903 18:27:19.957" level="INFO">Verifying element '//*[@id='root']/div[2]/div/div[2]/div/h1' contains exact text 'Toyota Cars'.</msg>
<msg timestamp="20240903 18:27:40.281" level="INFO" html="true">&lt;/td&gt;&lt;/tr&gt;&lt;tr&gt;&lt;td colspan="3"&gt;&lt;a href="selenium-screenshot-1.png"&gt;&lt;img src="selenium-screenshot-1.png" width="800px"&gt;&lt;/a&gt;</msg>
<msg timestamp="20240903 18:27:40.281" level="FAIL">Element with locator '//*[@id='root']/div[2]/div/div[2]/div/h1' not found.</msg>
<status status="FAIL" starttime="20240903 18:27:19.956" endtime="20240903 18:27:40.451"/>
</kw>
<status status="FAIL" starttime="20240903 18:27:19.955" endtime="20240903 18:27:40.451"/>
</kw>
<status status="FAIL" starttime="20240903 18:27:03.156" endtime="20240903 18:27:40.451"/>
</kw>
<kw name="Finish Test Case" library="commons" type="TEARDOWN">
<kw name="Log" library="BuiltIn">
<arg>Ending the test case</arg>
<doc>Logs the given message with the given level.</doc>
<msg timestamp="20240903 18:27:40.452" level="INFO">Ending the test case</msg>
<status status="PASS" starttime="20240903 18:27:40.452" endtime="20240903 18:27:40.453"/>
</kw>
<kw name="Close Browser" library="SeleniumLibrary">
<doc>Closes the current browser.</doc>
<status status="PASS" starttime="20240903 18:27:40.453" endtime="20240903 18:27:46.889"/>
</kw>
<status status="PASS" starttime="20240903 18:27:40.452" endtime="20240903 18:27:46.889"/>
</kw>
<status status="FAIL" starttime="20240903 18:27:03.155" endtime="20240903 18:27:46.889">Element with locator '//*[@id='root']/div[2]/div/div[2]/div/h1' not found.</status>
</test>
<test id="s1-t2" name="Find New Kia Car Test" line="36">
<kw name="Find New Cars">
<arg>firefox</arg>
<arg>Kia</arg>
<arg>Kia Cars</arg>
<kw name="Launching Browser" library="commons">
<arg>${testsiteurl}</arg>
<arg>${browser}</arg>
<kw name="Open Browser" library="SeleniumLibrary">
<arg>${url}</arg>
<arg>${browserName}</arg>
<doc>Opens a new browser instance to the optional ``url``.</doc>
<msg timestamp="20240903 18:27:46.895" level="INFO">Opening browser 'firefox' to base url 'https://carwale.com/'.</msg>
<status status="PASS" starttime="20240903 18:27:46.895" endtime="20240903 18:28:11.575"/>
</kw>
<kw name="Set Selenium Implicit Wait" library="SeleniumLibrary">
<arg>20 seconds</arg>
<doc>Sets the implicit wait value used by Selenium.</doc>
<status status="PASS" starttime="20240903 18:28:11.575" endtime="20240903 18:28:11.596"/>
</kw>
<kw name="Log Title" library="SeleniumLibrary">
<doc>Logs and returns the title of the current page.</doc>
<msg timestamp="20240903 18:28:11.613" level="INFO">New Cars, Used Cars, Buy a Car, Sell Your Car - CarWale</msg>
<status status="PASS" starttime="20240903 18:28:11.597" endtime="20240903 18:28:11.613"/>
</kw>
<status status="PASS" starttime="20240903 18:27:46.895" endtime="20240903 18:28:11.614"/>
</kw>
<kw name="Maximize Browser Window" library="SeleniumLibrary">
<doc>Maximizes current browser window.</doc>
<status status="PASS" starttime="20240903 18:28:11.614" endtime="20240903 18:28:11.624"/>
</kw>
<kw name="Go to new car page" library="HomePage">
<kw name="Mouse Over" library="SeleniumLibrary">
<arg>${newcar_xpath}</arg>
<doc>Simulates hovering the mouse over the element ``locator``.</doc>
<msg timestamp="20240903 18:28:11.624" level="INFO">Simulating Mouse Over on element '//div[normalize-space()='NEW CARS']'.</msg>
<status status="PASS" starttime="20240903 18:28:11.624" endtime="20240903 18:28:11.958"/>
</kw>
<kw name="Click Element" library="SeleniumLibrary">
<arg>${findnewcar_xpath}</arg>
<doc>Click the element identified by ``locator``.</doc>
<msg timestamp="20240903 18:28:11.959" level="INFO">Clicking element '//div[contains(text(),'Find New Cars')]'.</msg>
<status status="PASS" starttime="20240903 18:28:11.958" endtime="20240903 18:28:12.606"/>
</kw>
<kw name="Element Text Should Be" library="SeleniumLibrary">
<arg>${newcar_header_xpath}</arg>
<arg>New Cars</arg>
<doc>Verifies that element ``locator`` contains exact the text ``expected``.</doc>
<msg timestamp="20240903 18:28:12.608" level="INFO">Verifying element '//h1[normalize-space()='New Cars']' contains exact text 'New Cars'.</msg>
<status status="PASS" starttime="20240903 18:28:12.606" endtime="20240903 18:28:13.010"/>
</kw>
<status status="PASS" starttime="20240903 18:28:11.624" endtime="20240903 18:28:13.010"/>
</kw>
<if>
<branch type="IF" condition="'${brandname}' == 'Toyota'">
<kw name="Go to Toyota" library="NewCarPage">
<status status="NOT RUN" starttime="20240903 18:28:13.011" endtime="20240903 18:28:13.011"/>
</kw>
<status status="NOT RUN" starttime="20240903 18:28:13.010" endtime="20240903 18:28:13.011"/>
</branch>
<branch type="ELSE IF" condition="'${brandname}' == 'BMW'">
<kw name="Go to BMW" library="NewCarPage">
<status status="NOT RUN" starttime="20240903 18:28:13.011" endtime="20240903 18:28:13.011"/>
</kw>
<status status="NOT RUN" starttime="20240903 18:28:13.011" endtime="20240903 18:28:13.011"/>
</branch>
<branch type="ELSE IF" condition="'${brandname}' == 'Kia'">
<kw name="Go to Kia" library="NewCarPage">
<kw name="Click Element" library="SeleniumLibrary">
<arg>${Kiacar_xpath}</arg>
<doc>Click the element identified by ``locator``.</doc>
<msg timestamp="20240903 18:28:13.012" level="INFO">Clicking element '//div[normalize-space()='Kia']'.</msg>
<status status="PASS" starttime="20240903 18:28:13.012" endtime="20240903 18:28:13.337"/>
</kw>
<status status="PASS" starttime="20240903 18:28:13.011" endtime="20240903 18:28:13.337"/>
</kw>
<status status="PASS" starttime="20240903 18:28:13.011" endtime="20240903 18:28:13.337"/>
</branch>
<branch type="ELSE">
<kw name="Log To Console" library="BuiltIn">
<arg>Invalid car selected</arg>
<doc>Logs the given message to the console.</doc>
<status status="NOT RUN" starttime="20240903 18:28:13.337" endtime="20240903 18:28:13.337"/>
</kw>
<status status="NOT RUN" starttime="20240903 18:28:13.337" endtime="20240903 18:28:13.337"/>
</branch>
<status status="PASS" starttime="20240903 18:28:13.010" endtime="20240903 18:28:13.337"/>
</if>
<kw name="Verify Car heading" library="CarBase">
<arg>${carheading}</arg>
<kw name="Element Text Should Be" library="SeleniumLibrary">
<arg>${carheading_xpath}</arg>
<arg>${carheading}</arg>
<doc>Verifies that element ``locator`` contains exact the text ``expected``.</doc>
<msg timestamp="20240903 18:28:13.338" level="INFO">Verifying element '//*[@id='root']/div[2]/div/div[2]/div/h1' contains exact text 'Kia Cars'.</msg>
<msg timestamp="20240903 18:28:33.465" level="INFO" html="true">&lt;/td&gt;&lt;/tr&gt;&lt;tr&gt;&lt;td colspan="3"&gt;&lt;a href="selenium-screenshot-2.png"&gt;&lt;img src="selenium-screenshot-2.png" width="800px"&gt;&lt;/a&gt;</msg>
<msg timestamp="20240903 18:28:33.466" level="FAIL">Element with locator '//*[@id='root']/div[2]/div/div[2]/div/h1' not found.</msg>
<status status="FAIL" starttime="20240903 18:28:13.337" endtime="20240903 18:28:33.467"/>
</kw>
<status status="FAIL" starttime="20240903 18:28:13.337" endtime="20240903 18:28:33.468"/>
</kw>
<status status="FAIL" starttime="20240903 18:27:46.893" endtime="20240903 18:28:33.468"/>
</kw>
<kw name="Finish Test Case" library="commons" type="TEARDOWN">
<kw name="Log" library="BuiltIn">
<arg>Ending the test case</arg>
<doc>Logs the given message with the given level.</doc>
<msg timestamp="20240903 18:28:33.469" level="INFO">Ending the test case</msg>
<status status="PASS" starttime="20240903 18:28:33.469" endtime="20240903 18:28:33.469"/>
</kw>
<kw name="Close Browser" library="SeleniumLibrary">
<doc>Closes the current browser.</doc>
<status status="PASS" starttime="20240903 18:28:33.469" endtime="20240903 18:28:39.122"/>
</kw>
<status status="PASS" starttime="20240903 18:28:33.469" endtime="20240903 18:28:39.122"/>
</kw>
<status status="FAIL" starttime="20240903 18:27:46.892" endtime="20240903 18:28:39.126">Element with locator '//*[@id='root']/div[2]/div/div[2]/div/h1' not found.</status>
</test>
<test id="s1-t3" name="Find New BMW Car Test" line="36">
<kw name="Find New Cars">
<arg>chrome</arg>
<arg>BMW</arg>
<arg>BMW Cars</arg>
<kw name="Launching Browser" library="commons">
<arg>${testsiteurl}</arg>
<arg>${browser}</arg>
<kw name="Open Browser" library="SeleniumLibrary">
<arg>${url}</arg>
<arg>${browserName}</arg>
<doc>Opens a new browser instance to the optional ``url``.</doc>
<msg timestamp="20240903 18:28:39.131" level="INFO">Opening browser 'chrome' to base url 'https://carwale.com/'.</msg>
<status status="PASS" starttime="20240903 18:28:39.130" endtime="20240903 18:28:53.258"/>
</kw>
<kw name="Set Selenium Implicit Wait" library="SeleniumLibrary">
<arg>20 seconds</arg>
<doc>Sets the implicit wait value used by Selenium.</doc>
<status status="PASS" starttime="20240903 18:28:53.258" endtime="20240903 18:28:53.260"/>
</kw>
<kw name="Log Title" library="SeleniumLibrary">
<doc>Logs and returns the title of the current page.</doc>
<msg timestamp="20240903 18:28:53.272" level="INFO">New Cars, Used Cars, Buy a Car, Sell Your Car - CarWale</msg>
<status status="PASS" starttime="20240903 18:28:53.260" endtime="20240903 18:28:53.272"/>
</kw>
<status status="PASS" starttime="20240903 18:28:39.130" endtime="20240903 18:28:53.272"/>
</kw>
<kw name="Maximize Browser Window" library="SeleniumLibrary">
<doc>Maximizes current browser window.</doc>
<status status="PASS" starttime="20240903 18:28:53.272" endtime="20240903 18:28:53.328"/>
</kw>
<kw name="Go to new car page" library="HomePage">
<kw name="Mouse Over" library="SeleniumLibrary">
<arg>${newcar_xpath}</arg>
<doc>Simulates hovering the mouse over the element ``locator``.</doc>
<msg timestamp="20240903 18:28:53.330" level="INFO">Simulating Mouse Over on element '//div[normalize-space()='NEW CARS']'.</msg>
<status status="PASS" starttime="20240903 18:28:53.329" endtime="20240903 18:28:53.668"/>
</kw>
<kw name="Click Element" library="SeleniumLibrary">
<arg>${findnewcar_xpath}</arg>
<doc>Click the element identified by ``locator``.</doc>
<msg timestamp="20240903 18:28:53.669" level="INFO">Clicking element '//div[contains(text(),'Find New Cars')]'.</msg>
<status status="PASS" starttime="20240903 18:28:53.668" endtime="20240903 18:28:53.837"/>
</kw>
<kw name="Element Text Should Be" library="SeleniumLibrary">
<arg>${newcar_header_xpath}</arg>
<arg>New Cars</arg>
<doc>Verifies that element ``locator`` contains exact the text ``expected``.</doc>
<msg timestamp="20240903 18:28:53.838" level="INFO">Verifying element '//h1[normalize-space()='New Cars']' contains exact text 'New Cars'.</msg>
<status status="PASS" starttime="20240903 18:28:53.837" endtime="20240903 18:28:54.322"/>
</kw>
<status status="PASS" starttime="20240903 18:28:53.328" endtime="20240903 18:28:54.322"/>
</kw>
<if>
<branch type="IF" condition="'${brandname}' == 'Toyota'">
<kw name="Go to Toyota" library="NewCarPage">
<status status="NOT RUN" starttime="20240903 18:28:54.323" endtime="20240903 18:28:54.323"/>
</kw>
<status status="NOT RUN" starttime="20240903 18:28:54.322" endtime="20240903 18:28:54.323"/>
</branch>
<branch type="ELSE IF" condition="'${brandname}' == 'BMW'">
<kw name="Go to BMW" library="NewCarPage">
<kw name="Click Element" library="SeleniumLibrary">
<arg>${BMWcar_xpath}</arg>
<doc>Click the element identified by ``locator``.</doc>
<msg timestamp="20240903 18:28:54.326" level="INFO">Clicking element '//div[normalize-space()='BMW']'.</msg>
<status status="PASS" starttime="20240903 18:28:54.325" endtime="20240903 18:28:54.446"/>
</kw>
<status status="PASS" starttime="20240903 18:28:54.324" endtime="20240903 18:28:54.446"/>
</kw>
<status status="PASS" starttime="20240903 18:28:54.323" endtime="20240903 18:28:54.446"/>
</branch>
<branch type="ELSE IF" condition="'${brandname}' == 'Kia'">
<kw name="Go to Kia" library="NewCarPage">
<status status="NOT RUN" starttime="20240903 18:28:54.446" endtime="20240903 18:28:54.446"/>
</kw>
<status status="NOT RUN" starttime="20240903 18:28:54.446" endtime="20240903 18:28:54.446"/>
</branch>
<branch type="ELSE">
<kw name="Log To Console" library="BuiltIn">
<arg>Invalid car selected</arg>
<doc>Logs the given message to the console.</doc>
<status status="NOT RUN" starttime="20240903 18:28:54.446" endtime="20240903 18:28:54.446"/>
</kw>
<status status="NOT RUN" starttime="20240903 18:28:54.446" endtime="20240903 18:28:54.446"/>
</branch>
<status status="PASS" starttime="20240903 18:28:54.322" endtime="20240903 18:28:54.446"/>
</if>
<kw name="Verify Car heading" library="CarBase">
<arg>${carheading}</arg>
<kw name="Element Text Should Be" library="SeleniumLibrary">
<arg>${carheading_xpath}</arg>
<arg>${carheading}</arg>
<doc>Verifies that element ``locator`` contains exact the text ``expected``.</doc>
<msg timestamp="20240903 18:28:54.449" level="INFO">Verifying element '//*[@id='root']/div[2]/div/div[2]/div/h1' contains exact text 'BMW Cars'.</msg>
<msg timestamp="20240903 18:29:14.664" level="INFO" html="true">&lt;/td&gt;&lt;/tr&gt;&lt;tr&gt;&lt;td colspan="3"&gt;&lt;a href="selenium-screenshot-3.png"&gt;&lt;img src="selenium-screenshot-3.png" width="800px"&gt;&lt;/a&gt;</msg>
<msg timestamp="20240903 18:29:14.664" level="FAIL">Element with locator '//*[@id='root']/div[2]/div/div[2]/div/h1' not found.</msg>
<status status="FAIL" starttime="20240903 18:28:54.447" endtime="20240903 18:29:14.668"/>
</kw>
<status status="FAIL" starttime="20240903 18:28:54.446" endtime="20240903 18:29:14.668"/>
</kw>
<status status="FAIL" starttime="20240903 18:28:39.130" endtime="20240903 18:29:14.668"/>
</kw>
<kw name="Finish Test Case" library="commons" type="TEARDOWN">
<kw name="Log" library="BuiltIn">
<arg>Ending the test case</arg>
<doc>Logs the given message with the given level.</doc>
<msg timestamp="20240903 18:29:14.670" level="INFO">Ending the test case</msg>
<status status="PASS" starttime="20240903 18:29:14.670" endtime="20240903 18:29:14.670"/>
</kw>
<kw name="Close Browser" library="SeleniumLibrary">
<doc>Closes the current browser.</doc>
<status status="PASS" starttime="20240903 18:29:14.671" endtime="20240903 18:29:20.136"/>
</kw>
<status status="PASS" starttime="20240903 18:29:14.669" endtime="20240903 18:29:20.136"/>
</kw>
<status status="FAIL" starttime="20240903 18:28:39.127" endtime="20240903 18:29:20.137">Element with locator '//*[@id='root']/div[2]/div/div[2]/div/h1' not found.</status>
</test>
<status status="FAIL" starttime="20240903 18:27:01.020" endtime="20240903 18:29:20.139"/>
</suite>
<statistics>
<total>
<stat pass="0" fail="3" skip="0">All Tests</stat>
</total>
<tag>
</tag>
<suite>
<stat pass="0" fail="3" skip="0" id="s1" name="FindNewCarsTest DataDriven">FindNewCarsTest DataDriven</stat>
</suite>
</statistics>
<errors>
</errors>
</robot>
