<?xml version="1.0" encoding="UTF-8"?>
<robot generator="Robot 6.1.1 (Python 3.12.1 on win32)" generated="20240901 23:49:10.570" rpa="false" schemaversion="4">
<suite id="s1" name="FindNewCarsTest" source="C:\Users\yashshvi.a.mittal\RobotFramework\robot-python\testScripts\uiTestCases\FindNewCarsTest.robot">
<kw name="Log To Console" library="BuiltIn" type="SETUP">
<arg>Started</arg>
<doc>Logs the given message to the console.</doc>
<status status="PASS" starttime="20240901 23:49:10.635" endtime="20240901 23:49:10.636"/>
</kw>
<test id="s1-t1" name="Find New Cars Test" line="15">
<kw name="Launching Browser">
<arg>${testsiteurl}</arg>
<arg>chrome</arg>
<msg timestamp="20240901 23:49:10.639" level="FAIL">No keyword with name 'Launching Browser' found.</msg>
<status status="FAIL" starttime="20240901 23:49:10.639" endtime="20240901 23:49:10.639"/>
</kw>
<kw name="Maximize Browser Window">
<status status="NOT RUN" starttime="20240901 23:49:10.640" endtime="20240901 23:49:10.641"/>
</kw>
<kw name="Go to new car page">
<status status="NOT RUN" starttime="20240901 23:49:10.642" endtime="20240901 23:49:10.642"/>
</kw>
<kw name="Go to BMW">
<status status="NOT RUN" starttime="20240901 23:49:10.643" endtime="20240901 23:49:10.643"/>
</kw>
<kw name="Verify Car heading">
<arg>BMW Cars</arg>
<status status="NOT RUN" starttime="20240901 23:49:10.645" endtime="20240901 23:49:10.645"/>
</kw>
<status status="FAIL" starttime="20240901 23:49:10.636" endtime="20240901 23:49:10.645">No keyword with name 'Launching Browser' found.</status>
</test>
<kw name="Finish Test Case" type="TEARDOWN">
<msg timestamp="20240901 23:49:10.647" level="FAIL">No keyword with name 'Finish Test Case' found.</msg>
<status status="FAIL" starttime="20240901 23:49:10.647" endtime="20240901 23:49:10.647">No keyword with name 'Finish Test Case' found.</status>
</kw>
<status status="FAIL" starttime="20240901 23:49:10.572" endtime="20240901 23:49:10.647">Suite teardown failed:
No keyword with name 'Finish Test Case' found.</status>
</suite>
<statistics>
<total>
<stat pass="0" fail="1" skip="0">All Tests</stat>
</total>
<tag>
</tag>
<suite>
<stat pass="0" fail="1" skip="0" id="s1" name="FindNewCarsTest">FindNewCarsTest</stat>
</suite>
</statistics>
<errors>
<msg timestamp="20240901 23:49:10.617" level="ERROR">Error in file 'C:\Users\yashshvi.a.mittal\RobotFramework\robot-python\testScripts\uiTestCases\FindNewCarsTest.robot' on line 2: Resource file '..\pageObjects\HomePage.robot' does not exist.</msg>
<msg timestamp="20240901 23:49:10.623" level="ERROR">Error in file 'C:\Users\yashshvi.a.mittal\RobotFramework\robot-python\testScripts\uiTestCases\FindNewCarsTest.robot' on line 3: Resource file '..\Resources\commons.robot' does not exist.</msg>
<msg timestamp="20240901 23:49:10.627" level="ERROR">Error in file 'C:\Users\yashshvi.a.mittal\RobotFramework\robot-python\testScripts\uiTestCases\FindNewCarsTest.robot' on line 4: Resource file '..\pageObjects\NewCarPage.robot' does not exist.</msg>
<msg timestamp="20240901 23:49:10.630" level="ERROR">Error in file 'C:\Users\yashshvi.a.mittal\RobotFramework\robot-python\testScripts\uiTestCases\FindNewCarsTest.robot' on line 5: Resource file '..\pageObjects\ToyotaCarPage.robot' does not exist.</msg>
<msg timestamp="20240901 23:49:10.634" level="ERROR">Error in file 'C:\Users\yashshvi.a.mittal\RobotFramework\robot-python\testScripts\uiTestCases\FindNewCarsTest.robot' on line 6: Resource file '..\pageObjects\CarBase.robot' does not exist.</msg>
</errors>
</robot>
