<?xml version="1.0" encoding="UTF-8"?>
<robot generator="Robot 6.1.1 (Python 3.12.1 on win32)" generated="20231219 09:32:55.306" rpa="false" schemaversion="4">
<suite id="s1" name="Test Variables" source="C:\Users\yashshvi.a.mittal\RobotFramework\pythonProject1\testCase_old\webElementTests\test_variables.robot">
<test id="s1-t1" name="Chrome Test Case" line="59">
<kw name="Log" library="BuiltIn">
<arg>${value}</arg>
<doc>Logs the given message with the given level.</doc>
<msg timestamp="20231219 09:32:55.686" level="INFO">100</msg>
<status status="PASS" starttime="20231219 09:32:55.686" endtime="20231219 09:32:55.688"/>
</kw>
<kw name="Log" library="BuiltIn">
<arg>${name}</arg>
<doc>Logs the given message with the given level.</doc>
<msg timestamp="20231219 09:32:55.689" level="INFO">post</msg>
<status status="PASS" starttime="20231219 09:32:55.689" endtime="20231219 09:32:55.689"/>
</kw>
<kw name="Log" library="BuiltIn">
<arg>${floatvalue}</arg>
<doc>Logs the given message with the given level.</doc>
<msg timestamp="20231219 09:32:55.689" level="INFO">10.01</msg>
<status status="PASS" starttime="20231219 09:32:55.689" endtime="20231219 09:32:55.689"/>
</kw>
<kw name="Log" library="BuiltIn">
<arg>${browser}</arg>
<doc>Logs the given message with the given level.</doc>
<msg timestamp="20231219 09:32:55.689" level="INFO">firefox</msg>
<status status="PASS" starttime="20231219 09:32:55.689" endtime="20231219 09:32:55.689"/>
</kw>
<kw name="Log" library="BuiltIn">
<arg>${url}</arg>
<doc>Logs the given message with the given level.</doc>
<msg timestamp="20231219 09:32:55.690" level="INFO">http://google.com</msg>
<status status="PASS" starttime="20231219 09:32:55.689" endtime="20231219 09:32:55.690"/>
</kw>
<kw name="Log" library="BuiltIn">
<arg>${${value} + ${secondvalue}}</arg>
<doc>Logs the given message with the given level.</doc>
<msg timestamp="20231219 09:32:55.691" level="INFO">300</msg>
<status status="PASS" starttime="20231219 09:32:55.690" endtime="20231219 09:32:55.691"/>
</kw>
<kw name="Log" library="BuiltIn">
<arg>${name} ${browser} ${floatvalue}</arg>
<doc>Logs the given message with the given level.</doc>
<msg timestamp="20231219 09:32:55.691" level="INFO">post firefox 10.01</msg>
<status status="PASS" starttime="20231219 09:32:55.691" endtime="20231219 09:32:55.691"/>
</kw>
<kw name="Log" library="BuiltIn">
<arg>${city}[0] ${city}[2]</arg>
<doc>Logs the given message with the given level.</doc>
<msg timestamp="20231219 09:32:55.691" level="INFO">Delhi Goa</msg>
<status status="PASS" starttime="20231219 09:32:55.691" endtime="20231219 09:32:55.691"/>
</kw>
<kw name="Log" library="BuiltIn">
<arg>${url_dict.${env}}</arg>
<doc>Logs the given message with the given level.</doc>
<msg timestamp="20231219 09:32:55.692" level="INFO">htt://way2automation.com uat=http:google.com</msg>
<status status="PASS" starttime="20231219 09:32:55.691" endtime="20231219 09:32:55.692"/>
</kw>
<kw name="Open Browser" library="SeleniumLibrary">
<arg>${url_dict.${env}}</arg>
<arg>${browser}</arg>
<doc>Opens a new browser instance to the optional ``url``.</doc>
<msg timestamp="20231219 09:32:55.694" level="INFO">Opening browser 'firefox' to base url 'htt://way2automation.com uat=http:google.com'.</msg>
<msg timestamp="20231219 09:33:10.303" level="INFO" html="true">&lt;/td&gt;&lt;/tr&gt;&lt;tr&gt;&lt;td colspan="3"&gt;&lt;a href="selenium-screenshot-1.png"&gt;&lt;img src="selenium-screenshot-1.png" width="800px"&gt;&lt;/a&gt;</msg>
<msg timestamp="20231219 09:33:10.303" level="FAIL">WebDriverException: Message: Reached error page: about:neterror?e=unknownProtocolFound&amp;u=htt%3A//way2automation.com%20uat%3Dhttp%3Agoogle.com&amp;c=UTF-8&amp;d=Firefox%20doesn%E2%80%99t%20know%20how%20to%20open%20this%20address%2C%20because%20one%20of%20the%20following%20protocols%20%28htt%29%20isn%E2%80%99t%20associated%20with%20any%20program%20or%20is%20not%20allowed%20in%20this%20context.
Stacktrace:
RemoteError@chrome://remote/content/shared/RemoteError.sys.mjs:8:8
WebDriverError@chrome://remote/content/shared/webdriver/Errors.sys.mjs:189:5
UnknownError@chrome://remote/content/shared/webdriver/Errors.sys.mjs:768:5
checkReadyState@chrome://remote/content/marionette/navigate.sys.mjs:58:24
onNavigation@chrome://remote/content/marionette/navigate.sys.mjs:324:39
emit@resource://gre/modules/EventEmitter.sys.mjs:154:20
receiveMessage@chrome://remote/content/marionette/actors/MarionetteEventsParent.sys.mjs:33:25
</msg>
<status status="FAIL" starttime="20231219 09:32:55.692" endtime="20231219 09:33:10.391"/>
</kw>
<status status="FAIL" starttime="20231219 09:32:55.685" endtime="20231219 09:33:10.391">WebDriverException: Message: Reached error page: about:neterror?e=unknownProtocolFound&amp;u=htt%3A//way2automation.com%20uat%3Dhttp%3Agoogle.com&amp;c=UTF-8&amp;d=Firefox%20doesn%E2%80%99t%20know%20how%20to%20open%20this%20address%2C%20because%20one%20of%20the%20following%20protocols%20%28htt%29%20isn%E2%80%99t%20associated%20with%20any%20program%20or%20is%20not%20allowed%20in%20this%20context.
Stacktrace:
RemoteError@chrome://remote/content/shared/RemoteError.sys.mjs:8:8
WebDriverError@chrome://remote/content/shared/webdriver/Errors.sys.mjs:189:5
UnknownError@chrome://remote/content/shared/webdriver/Errors.sys.mjs:768:5
checkReadyState@chrome://remote/content/marionette/navigate.sys.mjs:58:24
onNavigation@chrome://remote/content/marionette/navigate.sys.mjs:324:39
emit@resource://gre/modules/EventEmitter.sys.mjs:154:20
receiveMessage@chrome://remote/content/marionette/actors/MarionetteEventsParent.sys.mjs:33:25
</status>
</test>
<status status="FAIL" starttime="20231219 09:32:55.309" endtime="20231219 09:33:10.392"/>
</suite>
<statistics>
<total>
<stat pass="0" fail="1" skip="0">All Tests</stat>
</total>
<tag>
</tag>
<suite>
<stat pass="0" fail="1" skip="0" id="s1" name="Test Variables">Test Variables</stat>
</suite>
</statistics>
<errors>
</errors>
</robot>
