<?xml version="1.0" encoding="UTF-8"?>
<robot generator="Robot 6.1.1 (Python 3.12.1 on win32)" generated="20231218 10:27:26.051" rpa="false" schemaversion="4">
<suite id="s1" name="Test Registration" source="C:\Users\yashshvi.a.mittal\RobotFramework\pythonProject1\test_registration.robot">
<test id="s1-t1" name="Filling Registration form" line="8">
<kw name="Launching Browser" library="commons">
<arg>https://www.way2automation.com/way2auto_jquery/index.php</arg>
<arg>chrome</arg>
<kw name="Open Browser" library="SeleniumLibrary">
<arg>${url}</arg>
<arg>${browserName}</arg>
<doc>Opens a new browser instance to the optional ``url``.</doc>
<msg timestamp="20231218 10:27:26.499" level="INFO">Opening browser 'chrome' to base url 'https://www.way2automation.com/way2auto_jquery/index.php'.</msg>
<status status="PASS" starttime="20231218 10:27:26.498" endtime="20231218 10:27:56.309"/>
</kw>
<kw name="Set Selenium Implicit Wait" library="SeleniumLibrary">
<arg>20 seconds</arg>
<doc>Sets the implicit wait value used by Selenium.</doc>
<status status="PASS" starttime="20231218 10:27:56.309" endtime="20231218 10:27:56.312"/>
</kw>
<kw name="Log Title" library="SeleniumLibrary">
<doc>Logs and returns the title of the current page.</doc>
<msg timestamp="20231218 10:27:56.323" level="INFO"/>
<status status="PASS" starttime="20231218 10:27:56.312" endtime="20231218 10:27:56.323"/>
</kw>
<status status="PASS" starttime="20231218 10:27:26.497" endtime="20231218 10:27:56.323"/>
</kw>
<kw name="Maximize Browser Window" library="SeleniumLibrary">
<doc>Maximizes current browser window.</doc>
<status status="PASS" starttime="20231218 10:27:56.324" endtime="20231218 10:27:56.448"/>
</kw>
<kw name="Input Text" library="SeleniumLibrary">
<arg>${name}</arg>
<arg>Yash Mittal</arg>
<doc>Types the given ``text`` into the text field identified by ``locator``.</doc>
<msg timestamp="20231218 10:27:56.451" level="INFO">Typing text 'Yash Mittal' into text field 'name:name'.</msg>
<msg timestamp="20231218 10:28:16.688" level="INFO" html="true">&lt;/td&gt;&lt;/tr&gt;&lt;tr&gt;&lt;td colspan="3"&gt;&lt;a href="selenium-screenshot-1.png"&gt;&lt;img src="selenium-screenshot-1.png" width="800px"&gt;&lt;/a&gt;</msg>
<msg timestamp="20231218 10:28:16.689" level="FAIL">Element with locator 'name:name' not found.</msg>
<status status="FAIL" starttime="20231218 10:27:56.449" endtime="20231218 10:28:16.702"/>
</kw>
<kw name="Input Text" library="SeleniumLibrary">
<arg>${phone}</arg>
<arg>8923848274</arg>
<doc>Types the given ``text`` into the text field identified by ``locator``.</doc>
<status status="NOT RUN" starttime="20231218 10:28:16.703" endtime="20231218 10:28:16.703"/>
</kw>
<kw name="Evaluate" library="BuiltIn">
<var>${random}</var>
<arg>random.randint(5000,999999)</arg>
<doc>Evaluates the given expression in Python and returns the result.</doc>
<status status="NOT RUN" starttime="20231218 10:28:16.703" endtime="20231218 10:28:16.703"/>
</kw>
<kw name="Catenate" library="BuiltIn">
<var>${emailnew}</var>
<arg>${random}</arg>
<arg>__2_ @way2automation.com</arg>
<doc>Catenates the given items together and returns the resulted string.</doc>
<status status="NOT RUN" starttime="20231218 10:28:16.703" endtime="20231218 10:28:16.703"/>
</kw>
<kw name="Evaluate" library="BuiltIn">
<var>${email_id}</var>
<arg>'${emailnew}'.replace(' ','_')</arg>
<doc>Evaluates the given expression in Python and returns the result.</doc>
<status status="NOT RUN" starttime="20231218 10:28:16.703" endtime="20231218 10:28:16.704"/>
</kw>
<kw name="Input Text" library="SeleniumLibrary">
<arg>${email}</arg>
<arg>${email_id}</arg>
<doc>Types the given ``text`` into the text field identified by ``locator``.</doc>
<status status="NOT RUN" starttime="20231218 10:28:16.704" endtime="20231218 10:28:16.704"/>
</kw>
<kw name="Select From List By Label" library="SeleniumLibrary">
<arg>${country}</arg>
<arg>Iceland</arg>
<doc>Selects options from selection list ``locator`` by ``labels``.</doc>
<status status="NOT RUN" starttime="20231218 10:28:16.704" endtime="20231218 10:28:16.704"/>
</kw>
<kw name="Input Text" library="SeleniumLibrary">
<arg>${city}</arg>
<arg>Delhi</arg>
<doc>Types the given ``text`` into the text field identified by ``locator``.</doc>
<status status="NOT RUN" starttime="20231218 10:28:16.704" endtime="20231218 10:28:16.704"/>
</kw>
<kw name="Input Text" library="SeleniumLibrary">
<arg>${username}</arg>
<arg>rahularora1423</arg>
<doc>Types the given ``text`` into the text field identified by ``locator``.</doc>
<status status="NOT RUN" starttime="20231218 10:28:16.704" endtime="20231218 10:28:16.704"/>
</kw>
<kw name="Input Text" library="SeleniumLibrary">
<arg>${password}</arg>
<arg>askjdbfskjdfs</arg>
<doc>Types the given ``text`` into the text field identified by ``locator``.</doc>
<status status="NOT RUN" starttime="20231218 10:28:16.704" endtime="20231218 10:28:16.704"/>
</kw>
<kw name="Click Button" library="SeleniumLibrary">
<arg>${submitBtn}</arg>
<doc>Clicks the button identified by ``locator``.</doc>
<status status="NOT RUN" starttime="20231218 10:28:16.704" endtime="20231218 10:28:16.704"/>
</kw>
<status status="FAIL" starttime="20231218 10:27:26.496" endtime="20231218 10:28:16.705">Element with locator 'name:name' not found.</status>
</test>
<status status="FAIL" starttime="20231218 10:27:26.053" endtime="20231218 10:28:16.706"/>
</suite>
<statistics>
<total>
<stat pass="0" fail="1" skip="0">All Tests</stat>
</total>
<tag>
</tag>
<suite>
<stat pass="0" fail="1" skip="0" id="s1" name="Test Registration">Test Registration</stat>
</suite>
</statistics>
<errors>
</errors>
</robot>
