<?xml version="1.0" encoding="UTF-8"?>
<robot generator="Robot 6.1.1 (Python 3.12.1 on win32)" generated="20231219 23:10:33.223" rpa="false" schemaversion="4">
<suite id="s1" name="testCases" source="C:\Users\yashshvi.a.mittal\RobotFramework\pythonProject1\testCases">
<suite id="s1-s1" name="FindNewCarsTest DataDriven" source="C:\Users\yashshvi.a.mittal\RobotFramework\pythonProject1\testCases\FindNewCarsTest_DataDriven.robot">
<test id="s1-s1-t1" name="Find New Toyota Car Test" line="36">
<kw name="Find New Cars">
<arg>chrome</arg>
<arg>Toyota</arg>
<arg>Toyota Cars</arg>
<kw name="Launching Browser" library="commons">
<arg>${testsiteurl}</arg>
<arg>${browser}</arg>
<kw name="Open Browser" library="SeleniumLibrary">
<arg>${url}</arg>
<arg>${browserName}</arg>
<doc>Opens a new browser instance to the optional ``url``.</doc>
<msg timestamp="20231219 23:10:34.433" level="INFO">Opening browser 'chrome' to base url 'https://carwale.com/'.</msg>
<status status="PASS" starttime="20231219 23:10:34.433" endtime="20231219 23:10:44.296"/>
</kw>
<kw name="Set Selenium Implicit Wait" library="SeleniumLibrary">
<arg>20 seconds</arg>
<doc>Sets the implicit wait value used by Selenium.</doc>
<status status="PASS" starttime="20231219 23:10:44.296" endtime="20231219 23:10:44.298"/>
</kw>
<kw name="Log Title" library="SeleniumLibrary">
<doc>Logs and returns the title of the current page.</doc>
<msg timestamp="20231219 23:10:44.304" level="INFO">New Cars, Used Cars, Buy a Car, Sell Your Car - CarWale</msg>
<status status="PASS" starttime="20231219 23:10:44.298" endtime="20231219 23:10:44.304"/>
</kw>
<status status="PASS" starttime="20231219 23:10:34.432" endtime="20231219 23:10:44.304"/>
</kw>
<kw name="Maximize Browser Window" library="SeleniumLibrary">
<doc>Maximizes current browser window.</doc>
<status status="PASS" starttime="20231219 23:10:44.305" endtime="20231219 23:10:44.442"/>
</kw>
<kw name="Go to new car page" library="HomePage">
<kw name="Mouse Over" library="SeleniumLibrary">
<arg>${newcar_xpath}</arg>
<doc>Simulates hovering the mouse over the element ``locator``.</doc>
<msg timestamp="20231219 23:10:44.443" level="INFO">Simulating Mouse Over on element '//div[normalize-space()='NEW CARS']'.</msg>
<status status="PASS" starttime="20231219 23:10:44.442" endtime="20231219 23:10:44.732"/>
</kw>
<kw name="Click Element" library="SeleniumLibrary">
<arg>${findnewcar_xpath}</arg>
<doc>Click the element identified by ``locator``.</doc>
<msg timestamp="20231219 23:10:44.733" level="INFO">Clicking element '//div[contains(text(),'Find New Cars')]'.</msg>
<status status="PASS" starttime="20231219 23:10:44.732" endtime="20231219 23:10:44.942"/>
</kw>
<kw name="Element Text Should Be" library="SeleniumLibrary">
<arg>${newcar_header_xpath}</arg>
<arg>New Cars</arg>
<doc>Verifies that element ``locator`` contains exact the text ``expected``.</doc>
<msg timestamp="20231219 23:10:44.944" level="INFO">Verifying element '//h1[normalize-space()='New Cars']' contains exact text 'New Cars'.</msg>
<status status="PASS" starttime="20231219 23:10:44.943" endtime="20231219 23:10:45.499"/>
</kw>
<status status="PASS" starttime="20231219 23:10:44.442" endtime="20231219 23:10:45.500"/>
</kw>
<if>
<branch type="IF" condition="${brandname} == &quot;Toyota&quot;">
<kw name="Go to Toyota" library="NewCarPage">
<status status="NOT RUN" starttime="20231219 23:10:45.503" endtime="20231219 23:10:45.503"/>
</kw>
<msg timestamp="20231219 23:10:45.503" level="FAIL">Invalid IF condition: Evaluating expression 'Toyota == "Toyota"' failed: NameError: name 'Toyota' is not defined nor importable as module

Variables in the original expression '${brandname} == "Toyota"' were resolved before the expression was evaluated. Try using '$brandname == "Toyota"' syntax to avoid that. See Evaluating Expressions appendix in Robot Framework User Guide for more details.</msg>
<status status="FAIL" starttime="20231219 23:10:45.500" endtime="20231219 23:10:45.503"/>
</branch>
<branch type="ELSE IF" condition="${brandname} == &quot;BMW&quot;">
<kw name="Go to BMW" library="NewCarPage">
<status status="NOT RUN" starttime="20231219 23:10:45.504" endtime="20231219 23:10:45.504"/>
</kw>
<status status="NOT RUN" starttime="20231219 23:10:45.503" endtime="20231219 23:10:45.504"/>
</branch>
<branch type="ELSE IF" condition="${brandname} == &quot;Kia&quot;">
<kw name="Go to Kia" library="NewCarPage">
<status status="NOT RUN" starttime="20231219 23:10:45.505" endtime="20231219 23:10:45.505"/>
</kw>
<status status="NOT RUN" starttime="20231219 23:10:45.504" endtime="20231219 23:10:45.505"/>
</branch>
<branch type="ELSE">
<kw name="Log To Console" library="BuiltIn">
<arg>Invalid car selected</arg>
<doc>Logs the given message to the console.</doc>
<status status="NOT RUN" starttime="20231219 23:10:45.506" endtime="20231219 23:10:45.506"/>
</kw>
<status status="NOT RUN" starttime="20231219 23:10:45.505" endtime="20231219 23:10:45.506"/>
</branch>
<status status="FAIL" starttime="20231219 23:10:45.500" endtime="20231219 23:10:45.506"/>
</if>
<kw name="Verify Car heading" library="CarBase">
<arg>${carheading}</arg>
<status status="NOT RUN" starttime="20231219 23:10:45.506" endtime="20231219 23:10:45.507"/>
</kw>
<status status="FAIL" starttime="20231219 23:10:34.432" endtime="20231219 23:10:45.507"/>
</kw>
<kw name="Finish Test Case" library="commons" type="TEARDOWN">
<kw name="Log" library="BuiltIn">
<arg>Ending the test case</arg>
<doc>Logs the given message with the given level.</doc>
<msg timestamp="20231219 23:10:45.508" level="INFO">Ending the test case</msg>
<status status="PASS" starttime="20231219 23:10:45.508" endtime="20231219 23:10:45.508"/>
</kw>
<kw name="Close Browser" library="SeleniumLibrary">
<doc>Closes the current browser.</doc>
<status status="PASS" starttime="20231219 23:10:45.509" endtime="20231219 23:10:48.759"/>
</kw>
<status status="PASS" starttime="20231219 23:10:45.507" endtime="20231219 23:10:48.759"/>
</kw>
<status status="FAIL" starttime="20231219 23:10:34.431" endtime="20231219 23:10:48.759">Invalid IF condition: Evaluating expression 'Toyota == "Toyota"' failed: NameError: name 'Toyota' is not defined nor importable as module

Variables in the original expression '${brandname} == "Toyota"' were resolved before the expression was evaluated. Try using '$brandname == "Toyota"' syntax to avoid that. See Evaluating Expressions appendix in Robot Framework User Guide for more details.</status>
</test>
<test id="s1-s1-t2" name="Find New Kia Car Test" line="36">
<kw name="Find New Cars">
<arg>firefox</arg>
<arg>Kia</arg>
<arg>Kia Cars</arg>
<kw name="Launching Browser" library="commons">
<arg>${testsiteurl}</arg>
<arg>${browser}</arg>
<kw name="Open Browser" library="SeleniumLibrary">
<arg>${url}</arg>
<arg>${browserName}</arg>
<doc>Opens a new browser instance to the optional ``url``.</doc>
<msg timestamp="20231219 23:10:48.767" level="INFO">Opening browser 'firefox' to base url 'https://carwale.com/'.</msg>
<status status="PASS" starttime="20231219 23:10:48.766" endtime="20231219 23:11:05.524"/>
</kw>
<kw name="Set Selenium Implicit Wait" library="SeleniumLibrary">
<arg>20 seconds</arg>
<doc>Sets the implicit wait value used by Selenium.</doc>
<status status="PASS" starttime="20231219 23:11:05.525" endtime="20231219 23:11:05.528"/>
</kw>
<kw name="Log Title" library="SeleniumLibrary">
<doc>Logs and returns the title of the current page.</doc>
<msg timestamp="20231219 23:11:05.535" level="INFO">New Cars, Used Cars, Buy a Car, Sell Your Car - CarWale</msg>
<status status="PASS" starttime="20231219 23:11:05.528" endtime="20231219 23:11:05.535"/>
</kw>
<status status="PASS" starttime="20231219 23:10:48.765" endtime="20231219 23:11:05.535"/>
</kw>
<kw name="Maximize Browser Window" library="SeleniumLibrary">
<doc>Maximizes current browser window.</doc>
<status status="PASS" starttime="20231219 23:11:05.536" endtime="20231219 23:11:05.542"/>
</kw>
<kw name="Go to new car page" library="HomePage">
<kw name="Mouse Over" library="SeleniumLibrary">
<arg>${newcar_xpath}</arg>
<doc>Simulates hovering the mouse over the element ``locator``.</doc>
<msg timestamp="20231219 23:11:05.544" level="INFO">Simulating Mouse Over on element '//div[normalize-space()='NEW CARS']'.</msg>
<status status="PASS" starttime="20231219 23:11:05.543" endtime="20231219 23:11:05.864"/>
</kw>
<kw name="Click Element" library="SeleniumLibrary">
<arg>${findnewcar_xpath}</arg>
<doc>Click the element identified by ``locator``.</doc>
<msg timestamp="20231219 23:11:05.865" level="INFO">Clicking element '//div[contains(text(),'Find New Cars')]'.</msg>
<status status="PASS" starttime="20231219 23:11:05.864" endtime="20231219 23:11:06.368"/>
</kw>
<kw name="Element Text Should Be" library="SeleniumLibrary">
<arg>${newcar_header_xpath}</arg>
<arg>New Cars</arg>
<doc>Verifies that element ``locator`` contains exact the text ``expected``.</doc>
<msg timestamp="20231219 23:11:06.369" level="INFO">Verifying element '//h1[normalize-space()='New Cars']' contains exact text 'New Cars'.</msg>
<status status="PASS" starttime="20231219 23:11:06.368" endtime="20231219 23:11:06.629"/>
</kw>
<status status="PASS" starttime="20231219 23:11:05.543" endtime="20231219 23:11:06.629"/>
</kw>
<if>
<branch type="IF" condition="${brandname} == &quot;Toyota&quot;">
<kw name="Go to Toyota" library="NewCarPage">
<status status="NOT RUN" starttime="20231219 23:11:06.631" endtime="20231219 23:11:06.632"/>
</kw>
<msg timestamp="20231219 23:11:06.632" level="FAIL">Invalid IF condition: Evaluating expression 'Kia == "Toyota"' failed: NameError: name 'Kia' is not defined nor importable as module

Variables in the original expression '${brandname} == "Toyota"' were resolved before the expression was evaluated. Try using '$brandname == "Toyota"' syntax to avoid that. See Evaluating Expressions appendix in Robot Framework User Guide for more details.</msg>
<status status="FAIL" starttime="20231219 23:11:06.629" endtime="20231219 23:11:06.632"/>
</branch>
<branch type="ELSE IF" condition="${brandname} == &quot;BMW&quot;">
<kw name="Go to BMW" library="NewCarPage">
<status status="NOT RUN" starttime="20231219 23:11:06.632" endtime="20231219 23:11:06.633"/>
</kw>
<status status="NOT RUN" starttime="20231219 23:11:06.632" endtime="20231219 23:11:06.633"/>
</branch>
<branch type="ELSE IF" condition="${brandname} == &quot;Kia&quot;">
<kw name="Go to Kia" library="NewCarPage">
<status status="NOT RUN" starttime="20231219 23:11:06.633" endtime="20231219 23:11:06.633"/>
</kw>
<status status="NOT RUN" starttime="20231219 23:11:06.633" endtime="20231219 23:11:06.633"/>
</branch>
<branch type="ELSE">
<kw name="Log To Console" library="BuiltIn">
<arg>Invalid car selected</arg>
<doc>Logs the given message to the console.</doc>
<status status="NOT RUN" starttime="20231219 23:11:06.634" endtime="20231219 23:11:06.634"/>
</kw>
<status status="NOT RUN" starttime="20231219 23:11:06.633" endtime="20231219 23:11:06.634"/>
</branch>
<status status="FAIL" starttime="20231219 23:11:06.629" endtime="20231219 23:11:06.634"/>
</if>
<kw name="Verify Car heading" library="CarBase">
<arg>${carheading}</arg>
<status status="NOT RUN" starttime="20231219 23:11:06.634" endtime="20231219 23:11:06.634"/>
</kw>
<status status="FAIL" starttime="20231219 23:10:48.763" endtime="20231219 23:11:06.634"/>
</kw>
<kw name="Finish Test Case" library="commons" type="TEARDOWN">
<kw name="Log" library="BuiltIn">
<arg>Ending the test case</arg>
<doc>Logs the given message with the given level.</doc>
<msg timestamp="20231219 23:11:06.636" level="INFO">Ending the test case</msg>
<status status="PASS" starttime="20231219 23:11:06.635" endtime="20231219 23:11:06.636"/>
</kw>
<kw name="Close Browser" library="SeleniumLibrary">
<doc>Closes the current browser.</doc>
<status status="PASS" starttime="20231219 23:11:06.636" endtime="20231219 23:11:10.709"/>
</kw>
<status status="PASS" starttime="20231219 23:11:06.635" endtime="20231219 23:11:10.710"/>
</kw>
<status status="FAIL" starttime="20231219 23:10:48.761" endtime="20231219 23:11:10.710">Invalid IF condition: Evaluating expression 'Kia == "Toyota"' failed: NameError: name 'Kia' is not defined nor importable as module

Variables in the original expression '${brandname} == "Toyota"' were resolved before the expression was evaluated. Try using '$brandname == "Toyota"' syntax to avoid that. See Evaluating Expressions appendix in Robot Framework User Guide for more details.</status>
</test>
<test id="s1-s1-t3" name="Find New BMW Car Test" line="36">
<kw name="Find New Cars">
<arg>chrome</arg>
<arg>BMW</arg>
<arg>BMW Cars</arg>
<kw name="Launching Browser" library="commons">
<arg>${testsiteurl}</arg>
<arg>${browser}</arg>
<kw name="Open Browser" library="SeleniumLibrary">
<arg>${url}</arg>
<arg>${browserName}</arg>
<doc>Opens a new browser instance to the optional ``url``.</doc>
<msg timestamp="20231219 23:11:10.720" level="INFO">Opening browser 'chrome' to base url 'https://carwale.com/'.</msg>
<status status="PASS" starttime="20231219 23:11:10.718" endtime="20231219 23:11:20.671"/>
</kw>
<kw name="Set Selenium Implicit Wait" library="SeleniumLibrary">
<arg>20 seconds</arg>
<doc>Sets the implicit wait value used by Selenium.</doc>
<status status="PASS" starttime="20231219 23:11:20.672" endtime="20231219 23:11:20.673"/>
</kw>
<kw name="Log Title" library="SeleniumLibrary">
<doc>Logs and returns the title of the current page.</doc>
<msg timestamp="20231219 23:11:20.685" level="INFO">New Cars, Used Cars, Buy a Car, Sell Your Car - CarWale</msg>
<status status="PASS" starttime="20231219 23:11:20.673" endtime="20231219 23:11:20.685"/>
</kw>
<status status="PASS" starttime="20231219 23:11:10.716" endtime="20231219 23:11:20.685"/>
</kw>
<kw name="Maximize Browser Window" library="SeleniumLibrary">
<doc>Maximizes current browser window.</doc>
<status status="PASS" starttime="20231219 23:11:20.685" endtime="20231219 23:11:20.811"/>
</kw>
<kw name="Go to new car page" library="HomePage">
<kw name="Mouse Over" library="SeleniumLibrary">
<arg>${newcar_xpath}</arg>
<doc>Simulates hovering the mouse over the element ``locator``.</doc>
<msg timestamp="20231219 23:11:20.812" level="INFO">Simulating Mouse Over on element '//div[normalize-space()='NEW CARS']'.</msg>
<status status="PASS" starttime="20231219 23:11:20.811" endtime="20231219 23:11:21.103"/>
</kw>
<kw name="Click Element" library="SeleniumLibrary">
<arg>${findnewcar_xpath}</arg>
<doc>Click the element identified by ``locator``.</doc>
<msg timestamp="20231219 23:11:21.104" level="INFO">Clicking element '//div[contains(text(),'Find New Cars')]'.</msg>
<status status="PASS" starttime="20231219 23:11:21.103" endtime="20231219 23:11:21.191"/>
</kw>
<kw name="Element Text Should Be" library="SeleniumLibrary">
<arg>${newcar_header_xpath}</arg>
<arg>New Cars</arg>
<doc>Verifies that element ``locator`` contains exact the text ``expected``.</doc>
<msg timestamp="20231219 23:11:21.192" level="INFO">Verifying element '//h1[normalize-space()='New Cars']' contains exact text 'New Cars'.</msg>
<status status="PASS" starttime="20231219 23:11:21.191" endtime="20231219 23:11:21.605"/>
</kw>
<status status="PASS" starttime="20231219 23:11:20.811" endtime="20231219 23:11:21.605"/>
</kw>
<if>
<branch type="IF" condition="${brandname} == &quot;Toyota&quot;">
<kw name="Go to Toyota" library="NewCarPage">
<status status="NOT RUN" starttime="20231219 23:11:21.607" endtime="20231219 23:11:21.607"/>
</kw>
<msg timestamp="20231219 23:11:21.608" level="FAIL">Invalid IF condition: Evaluating expression 'BMW == "Toyota"' failed: NameError: name 'BMW' is not defined nor importable as module

Variables in the original expression '${brandname} == "Toyota"' were resolved before the expression was evaluated. Try using '$brandname == "Toyota"' syntax to avoid that. See Evaluating Expressions appendix in Robot Framework User Guide for more details.</msg>
<status status="FAIL" starttime="20231219 23:11:21.605" endtime="20231219 23:11:21.608"/>
</branch>
<branch type="ELSE IF" condition="${brandname} == &quot;BMW&quot;">
<kw name="Go to BMW" library="NewCarPage">
<status status="NOT RUN" starttime="20231219 23:11:21.608" endtime="20231219 23:11:21.608"/>
</kw>
<status status="NOT RUN" starttime="20231219 23:11:21.608" endtime="20231219 23:11:21.608"/>
</branch>
<branch type="ELSE IF" condition="${brandname} == &quot;Kia&quot;">
<kw name="Go to Kia" library="NewCarPage">
<status status="NOT RUN" starttime="20231219 23:11:21.608" endtime="20231219 23:11:21.608"/>
</kw>
<status status="NOT RUN" starttime="20231219 23:11:21.608" endtime="20231219 23:11:21.608"/>
</branch>
<branch type="ELSE">
<kw name="Log To Console" library="BuiltIn">
<arg>Invalid car selected</arg>
<doc>Logs the given message to the console.</doc>
<status status="NOT RUN" starttime="20231219 23:11:21.609" endtime="20231219 23:11:21.609"/>
</kw>
<status status="NOT RUN" starttime="20231219 23:11:21.608" endtime="20231219 23:11:21.609"/>
</branch>
<status status="FAIL" starttime="20231219 23:11:21.605" endtime="20231219 23:11:21.609"/>
</if>
<kw name="Verify Car heading" library="CarBase">
<arg>${carheading}</arg>
<status status="NOT RUN" starttime="20231219 23:11:21.609" endtime="20231219 23:11:21.609"/>
</kw>
<status status="FAIL" starttime="20231219 23:11:10.715" endtime="20231219 23:11:21.609"/>
</kw>
<kw name="Finish Test Case" library="commons" type="TEARDOWN">
<kw name="Log" library="BuiltIn">
<arg>Ending the test case</arg>
<doc>Logs the given message with the given level.</doc>
<msg timestamp="20231219 23:11:21.611" level="INFO">Ending the test case</msg>
<status status="PASS" starttime="20231219 23:11:21.610" endtime="20231219 23:11:21.611"/>
</kw>
<kw name="Close Browser" library="SeleniumLibrary">
<doc>Closes the current browser.</doc>
<status status="PASS" starttime="20231219 23:11:21.611" endtime="20231219 23:11:24.472"/>
</kw>
<status status="PASS" starttime="20231219 23:11:21.609" endtime="20231219 23:11:24.473"/>
</kw>
<status status="FAIL" starttime="20231219 23:11:10.712" endtime="20231219 23:11:24.473">Invalid IF condition: Evaluating expression 'BMW == "Toyota"' failed: NameError: name 'BMW' is not defined nor importable as module

Variables in the original expression '${brandname} == "Toyota"' were resolved before the expression was evaluated. Try using '$brandname == "Toyota"' syntax to avoid that. See Evaluating Expressions appendix in Robot Framework User Guide for more details.</status>
</test>
<status status="FAIL" starttime="20231219 23:10:33.250" endtime="20231219 23:11:24.474"/>
</suite>
<status status="FAIL" starttime="20231219 23:10:33.237" endtime="20231219 23:11:24.477"/>
</suite>
<statistics>
<total>
<stat pass="0" fail="3" skip="0">All Tests</stat>
</total>
<tag>
</tag>
<suite>
<stat pass="0" fail="3" skip="0" id="s1" name="testCases">testCases</stat>
<stat pass="0" fail="3" skip="0" id="s1-s1" name="FindNewCarsTest DataDriven">testCases.FindNewCarsTest DataDriven</stat>
</suite>
</statistics>
<errors>
</errors>
</robot>
