<?xml version="1.0" encoding="UTF-8"?>
<robot generator="Robot 6.1.1 (Python 3.12.1 on win32)" generated="20231219 23:10:33.578" rpa="false" schemaversion="4">
<suite id="s1" name="testCases" source="C:\Users\yashshvi.a.mittal\RobotFramework\pythonProject1\testCases">
<suite id="s1-s1" name="FindNewCarsTest" source="C:\Users\yashshvi.a.mittal\RobotFramework\pythonProject1\testCases\FindNewCarsTest.robot">
<test id="s1-s1-t1" name="Find New Cars Test" line="14">
<kw name="Launching Browser" library="commons">
<arg>${testsiteurl}</arg>
<arg>chrome</arg>
<kw name="Open Browser" library="SeleniumLibrary">
<arg>${url}</arg>
<arg>${browserName}</arg>
<doc>Opens a new browser instance to the optional ``url``.</doc>
<msg timestamp="20231219 23:10:33.851" level="INFO">Opening browser 'chrome' to base url 'https://carwale.com/'.</msg>
<status status="PASS" starttime="20231219 23:10:33.851" endtime="20231219 23:10:43.530"/>
</kw>
<kw name="Set Selenium Implicit Wait" library="SeleniumLibrary">
<arg>20 seconds</arg>
<doc>Sets the implicit wait value used by Selenium.</doc>
<status status="PASS" starttime="20231219 23:10:43.531" endtime="20231219 23:10:43.533"/>
</kw>
<kw name="Log Title" library="SeleniumLibrary">
<doc>Logs and returns the title of the current page.</doc>
<msg timestamp="20231219 23:10:43.539" level="INFO">New Cars, Used Cars, Buy a Car, Sell Your Car - CarWale</msg>
<status status="PASS" starttime="20231219 23:10:43.533" endtime="20231219 23:10:43.540"/>
</kw>
<status status="PASS" starttime="20231219 23:10:33.850" endtime="20231219 23:10:43.540"/>
</kw>
<kw name="Maximize Browser Window" library="SeleniumLibrary">
<doc>Maximizes current browser window.</doc>
<status status="PASS" starttime="20231219 23:10:43.540" endtime="20231219 23:10:43.666"/>
</kw>
<kw name="Go to new car page" library="HomePage">
<kw name="Mouse Over" library="SeleniumLibrary">
<arg>${newcar_xpath}</arg>
<doc>Simulates hovering the mouse over the element ``locator``.</doc>
<msg timestamp="20231219 23:10:43.669" level="INFO">Simulating Mouse Over on element '//div[normalize-space()='NEW CARS']'.</msg>
<status status="PASS" starttime="20231219 23:10:43.668" endtime="20231219 23:10:43.953"/>
</kw>
<kw name="Click Element" library="SeleniumLibrary">
<arg>${findnewcar_xpath}</arg>
<doc>Click the element identified by ``locator``.</doc>
<msg timestamp="20231219 23:10:43.954" level="INFO">Clicking element '//div[contains(text(),'Find New Cars')]'.</msg>
<status status="PASS" starttime="20231219 23:10:43.953" endtime="20231219 23:10:44.087"/>
</kw>
<kw name="Element Text Should Be" library="SeleniumLibrary">
<arg>${newcar_header_xpath}</arg>
<arg>New Cars</arg>
<doc>Verifies that element ``locator`` contains exact the text ``expected``.</doc>
<msg timestamp="20231219 23:10:44.088" level="INFO">Verifying element '//h1[normalize-space()='New Cars']' contains exact text 'New Cars'.</msg>
<status status="PASS" starttime="20231219 23:10:44.088" endtime="20231219 23:10:44.691"/>
</kw>
<status status="PASS" starttime="20231219 23:10:43.666" endtime="20231219 23:10:44.691"/>
</kw>
<kw name="Go to BMW" library="NewCarPage">
<kw name="Click Element" library="SeleniumLibrary">
<arg>${BMWcar_xpath}</arg>
<doc>Click the element identified by ``locator``.</doc>
<msg timestamp="20231219 23:10:44.693" level="INFO">Clicking element '//div[normalize-space()='BMW']'.</msg>
<status status="PASS" starttime="20231219 23:10:44.692" endtime="20231219 23:10:44.786"/>
</kw>
<status status="PASS" starttime="20231219 23:10:44.692" endtime="20231219 23:10:44.786"/>
</kw>
<kw name="Verify Car heading" library="CarBase">
<arg>BMW Cars</arg>
<kw name="Element Text Should Be" library="SeleniumLibrary">
<arg>${carheading_xpath}</arg>
<arg>${carheading}</arg>
<doc>Verifies that element ``locator`` contains exact the text ``expected``.</doc>
<msg timestamp="20231219 23:10:44.788" level="INFO">Verifying element '//*[@id='root']/div[2]/div/div[2]/div/h1' contains exact text 'BMW Cars'.</msg>
<status status="PASS" starttime="20231219 23:10:44.787" endtime="20231219 23:10:45.885"/>
</kw>
<status status="PASS" starttime="20231219 23:10:44.786" endtime="20231219 23:10:45.885"/>
</kw>
<kw name="Finish Test Case" library="commons" type="TEARDOWN">
<kw name="Log" library="BuiltIn">
<arg>Ending the test case</arg>
<doc>Logs the given message with the given level.</doc>
<msg timestamp="20231219 23:10:45.886" level="INFO">Ending the test case</msg>
<status status="PASS" starttime="20231219 23:10:45.886" endtime="20231219 23:10:45.887"/>
</kw>
<kw name="Close Browser" library="SeleniumLibrary">
<doc>Closes the current browser.</doc>
<status status="PASS" starttime="20231219 23:10:45.887" endtime="20231219 23:10:49.274"/>
</kw>
<status status="PASS" starttime="20231219 23:10:45.885" endtime="20231219 23:10:49.274"/>
</kw>
<status status="PASS" starttime="20231219 23:10:33.850" endtime="20231219 23:10:49.274"/>
</test>
<status status="PASS" starttime="20231219 23:10:33.603" endtime="20231219 23:10:49.277"/>
</suite>
<status status="PASS" starttime="20231219 23:10:33.591" endtime="20231219 23:10:49.280"/>
</suite>
<statistics>
<total>
<stat pass="1" fail="0" skip="0">All Tests</stat>
</total>
<tag>
</tag>
<suite>
<stat pass="1" fail="0" skip="0" id="s1" name="testCases">testCases</stat>
<stat pass="1" fail="0" skip="0" id="s1-s1" name="FindNewCarsTest">testCases.FindNewCarsTest</stat>
</suite>
</statistics>
<errors>
</errors>
</robot>
