<robot generator="Robot 6.1.1 (Python 3.12.1 on win32)" generated="20240902 00:23:19.368" rpa="false" schemaversion="4">
<statistics>
<total>
<stat pass="0" fail="3" skip="0">All Tests</stat>
</total>
<tag>
</tag>
<suite>
<stat pass="0" fail="3" skip="0" id="s1" name="FindNewCarsTest DataDriven">FindNewCarsTest DataDriven</stat>
</suite>
</statistics>
<suite name="Suites" id="s0"><suite id="s1" name="FindNewCarsTest DataDriven 15, iPhone 13, Chromium" source="C:\Users\yashshvi.a.mittal\RobotFramework\robot-python\testScripts\uiTestCases\FindNewCarsTest_DataDriven.robot">
<test id="s1-t1" name="Find New Toyota Car Test" line="36">
<kw name="Find New Cars">
<arg>chrome</arg>
<arg>Toyota</arg>
<arg>Toyota Cars</arg>
<kw name="Launching Browser" library="commons">
<arg>${testsiteurl}</arg>
<arg>${browser}</arg>
<kw name="Open Browser" library="SeleniumLibrary">
<arg>${url}</arg>
<arg>${browserName}</arg>
<doc>Opens a new browser instance to the optional ``url``.</doc>
<msg timestamp="20240902 00:23:22.521" level="INFO">Opening browser 'chrome' to base url 'https://carwale.com/'.</msg>
<msg timestamp="20240902 00:23:28.693" level="INFO">Completed setup!</msg>
<status status="PASS" starttime="20240902 00:23:22.520" endtime="20240902 00:23:53.727" />
</kw>
<kw name="Set Selenium Implicit Wait" library="SeleniumLibrary">
<arg>20 seconds</arg>
<doc>Sets the implicit wait value used by Selenium.</doc>
<status status="PASS" starttime="20240902 00:23:53.727" endtime="20240902 00:23:53.942" />
</kw>
<kw name="Log Title" library="SeleniumLibrary">
<doc>Logs and returns the title of the current page.</doc>
<msg timestamp="20240902 00:23:54.120" level="INFO">New Cars, Used Cars, Buy a Car, Sell Your Car - CarWale</msg>
<status status="PASS" starttime="20240902 00:23:53.942" endtime="20240902 00:23:54.120" />
</kw>
<status status="PASS" starttime="20240902 00:23:22.519" endtime="20240902 00:23:54.121" />
</kw>
<kw name="Maximize Browser Window" library="SeleniumLibrary">
<doc>Maximizes current browser window.</doc>
<status status="PASS" starttime="20240902 00:23:54.121" endtime="20240902 00:23:54.278" />
</kw>
<kw name="Go to new car page" library="HomePage">
<kw name="Mouse Over" library="SeleniumLibrary">
<arg>${newcar_xpath}</arg>
<doc>Simulates hovering the mouse over the element ``locator``.</doc>
<msg timestamp="20240902 00:23:54.280" level="INFO">Simulating Mouse Over on element '//div[normalize-space()='NEW CARS']'.</msg>
<msg timestamp="20240902 00:23:55.846" level="INFO" html="true">&lt;/td&gt;&lt;/tr&gt;&lt;tr&gt;&lt;td colspan="3"&gt;&lt;a href="selenium-screenshot-1.png"&gt;&lt;img src="selenium-screenshot-1.png" width="800px"&gt;&lt;/a&gt;</msg>
<msg timestamp="20240902 00:23:55.846" level="FAIL">Element with locator '//div[normalize-space()='NEW CARS']' not found.</msg>
<status status="FAIL" starttime="20240902 00:23:54.279" endtime="20240902 00:23:55.855" />
</kw>
<kw name="Click Element" library="SeleniumLibrary">
<arg>${findnewcar_xpath}</arg>
<doc>Click the element identified by ``locator``.</doc>
<status status="NOT RUN" starttime="20240902 00:23:55.855" endtime="20240902 00:23:55.855" />
</kw>
<kw name="Element Text Should Be" library="SeleniumLibrary">
<arg>${newcar_header_xpath}</arg>
<arg>New Cars</arg>
<doc>Verifies that element ``locator`` contains exact the text ``expected``.</doc>
<status status="NOT RUN" starttime="20240902 00:23:55.855" endtime="20240902 00:23:55.855" />
</kw>
<status status="FAIL" starttime="20240902 00:23:54.279" endtime="20240902 00:23:55.855" />
</kw>
<if>
<branch type="IF" condition="${brandname} == &quot;Toyota&quot;">
<kw name="Go to Toyota" library="NewCarPage">
<status status="NOT RUN" starttime="20240902 00:23:55.855" endtime="20240902 00:23:55.855" />
</kw>
<status status="NOT RUN" starttime="20240902 00:23:55.855" endtime="20240902 00:23:55.855" />
</branch>
<branch type="ELSE IF" condition="${brandname} == &quot;BMW&quot;">
<kw name="Go to BMW" library="NewCarPage">
<status status="NOT RUN" starttime="20240902 00:23:55.855" endtime="20240902 00:23:55.855" />
</kw>
<status status="NOT RUN" starttime="20240902 00:23:55.855" endtime="20240902 00:23:55.855" />
</branch>
<branch type="ELSE IF" condition="${brandname} == &quot;Kia&quot;">
<kw name="Go to Kia" library="NewCarPage">
<status status="NOT RUN" starttime="20240902 00:23:55.855" endtime="20240902 00:23:55.855" />
</kw>
<status status="NOT RUN" starttime="20240902 00:23:55.855" endtime="20240902 00:23:55.855" />
</branch>
<branch type="ELSE">
<kw name="Log To Console" library="BuiltIn">
<arg>Invalid car selected</arg>
<doc>Logs the given message to the console.</doc>
<status status="NOT RUN" starttime="20240902 00:23:55.855" endtime="20240902 00:23:55.855" />
</kw>
<status status="NOT RUN" starttime="20240902 00:23:55.855" endtime="20240902 00:23:55.855" />
</branch>
<status status="NOT RUN" starttime="20240902 00:23:55.855" endtime="20240902 00:23:55.855" />
</if>
<kw name="Verify Car heading" library="CarBase">
<arg>${carheading}</arg>
<status status="NOT RUN" starttime="20240902 00:23:55.855" endtime="20240902 00:23:55.855" />
</kw>
<status status="FAIL" starttime="20240902 00:23:22.518" endtime="20240902 00:23:55.855" />
</kw>
<kw name="Finish Test Case" library="commons" type="TEARDOWN">
<kw name="Log" library="BuiltIn">
<arg>Ending the test case</arg>
<doc>Logs the given message with the given level.</doc>
<msg timestamp="20240902 00:23:55.863" level="INFO">Ending the test case</msg>
<status status="PASS" starttime="20240902 00:23:55.862" endtime="20240902 00:23:55.863" />
</kw>
<kw name="Close Browser" library="SeleniumLibrary">
<doc>Closes the current browser.</doc>
<status status="PASS" starttime="20240902 00:23:55.863" endtime="20240902 00:23:55.863" />
</kw>
<status status="PASS" starttime="20240902 00:23:55.855" endtime="20240902 00:23:55.864" />
</kw>
<status status="FAIL" starttime="20240902 00:23:22.514" endtime="20240902 00:23:55.864">Element with locator '//div[normalize-space()='NEW CARS']' not found.</status>
</test>
<test id="s1-t2" name="Find New Kia Car Test" line="36">
<kw name="Find New Cars">
<arg>firefox</arg>
<arg>Kia</arg>
<arg>Kia Cars</arg>
<kw name="Launching Browser" library="commons">
<arg>${testsiteurl}</arg>
<arg>${browser}</arg>
<kw name="Open Browser" library="SeleniumLibrary">
<arg>${url}</arg>
<arg>${browserName}</arg>
<doc>Opens a new browser instance to the optional ``url``.</doc>
<msg timestamp="20240902 00:23:57.553" level="INFO">Opening browser 'firefox' to base url 'https://carwale.com/'.</msg>
<msg timestamp="20240902 00:24:01.142" level="INFO">Completed setup!</msg>
<status status="PASS" starttime="20240902 00:23:57.553" endtime="20240902 00:24:30.737" />
</kw>
<kw name="Set Selenium Implicit Wait" library="SeleniumLibrary">
<arg>20 seconds</arg>
<doc>Sets the implicit wait value used by Selenium.</doc>
<status status="PASS" starttime="20240902 00:24:30.737" endtime="20240902 00:24:30.938" />
</kw>
<kw name="Log Title" library="SeleniumLibrary">
<doc>Logs and returns the title of the current page.</doc>
<msg timestamp="20240902 00:24:31.064" level="INFO">New Cars, Used Cars, Buy a Car, Sell Your Car - CarWale</msg>
<status status="PASS" starttime="20240902 00:24:30.938" endtime="20240902 00:24:31.064" />
</kw>
<status status="PASS" starttime="20240902 00:23:57.553" endtime="20240902 00:24:31.064" />
</kw>
<kw name="Maximize Browser Window" library="SeleniumLibrary">
<doc>Maximizes current browser window.</doc>
<status status="PASS" starttime="20240902 00:24:31.064" endtime="20240902 00:24:31.201" />
</kw>
<kw name="Go to new car page" library="HomePage">
<kw name="Mouse Over" library="SeleniumLibrary">
<arg>${newcar_xpath}</arg>
<doc>Simulates hovering the mouse over the element ``locator``.</doc>
<msg timestamp="20240902 00:24:31.203" level="INFO">Simulating Mouse Over on element '//div[normalize-space()='NEW CARS']'.</msg>
<msg timestamp="20240902 00:24:36.665" level="INFO" html="true">&lt;/td&gt;&lt;/tr&gt;&lt;tr&gt;&lt;td colspan="3"&gt;&lt;a href="selenium-screenshot-2.png"&gt;&lt;img src="selenium-screenshot-2.png" width="800px"&gt;&lt;/a&gt;</msg>
<msg timestamp="20240902 00:24:36.665" level="FAIL">Element with locator '//div[normalize-space()='NEW CARS']' not found.</msg>
<status status="FAIL" starttime="20240902 00:24:31.203" endtime="20240902 00:24:36.667" />
</kw>
<kw name="Click Element" library="SeleniumLibrary">
<arg>${findnewcar_xpath}</arg>
<doc>Click the element identified by ``locator``.</doc>
<status status="NOT RUN" starttime="20240902 00:24:36.667" endtime="20240902 00:24:36.670" />
</kw>
<kw name="Element Text Should Be" library="SeleniumLibrary">
<arg>${newcar_header_xpath}</arg>
<arg>New Cars</arg>
<doc>Verifies that element ``locator`` contains exact the text ``expected``.</doc>
<status status="NOT RUN" starttime="20240902 00:24:36.670" endtime="20240902 00:24:36.670" />
</kw>
<status status="FAIL" starttime="20240902 00:24:31.202" endtime="20240902 00:24:36.670" />
</kw>
<if>
<branch type="IF" condition="${brandname} == &quot;Toyota&quot;">
<kw name="Go to Toyota" library="NewCarPage">
<status status="NOT RUN" starttime="20240902 00:24:36.670" endtime="20240902 00:24:36.673" />
</kw>
<status status="NOT RUN" starttime="20240902 00:24:36.670" endtime="20240902 00:24:36.673" />
</branch>
<branch type="ELSE IF" condition="${brandname} == &quot;BMW&quot;">
<kw name="Go to BMW" library="NewCarPage">
<status status="NOT RUN" starttime="20240902 00:24:36.674" endtime="20240902 00:24:36.674" />
</kw>
<status status="NOT RUN" starttime="20240902 00:24:36.673" endtime="20240902 00:24:36.674" />
</branch>
<branch type="ELSE IF" condition="${brandname} == &quot;Kia&quot;">
<kw name="Go to Kia" library="NewCarPage">
<status status="NOT RUN" starttime="20240902 00:24:36.674" endtime="20240902 00:24:36.674" />
</kw>
<status status="NOT RUN" starttime="20240902 00:24:36.674" endtime="20240902 00:24:36.674" />
</branch>
<branch type="ELSE">
<kw name="Log To Console" library="BuiltIn">
<arg>Invalid car selected</arg>
<doc>Logs the given message to the console.</doc>
<status status="NOT RUN" starttime="20240902 00:24:36.674" endtime="20240902 00:24:36.681" />
</kw>
<status status="NOT RUN" starttime="20240902 00:24:36.674" endtime="20240902 00:24:36.681" />
</branch>
<status status="NOT RUN" starttime="20240902 00:24:36.670" endtime="20240902 00:24:36.681" />
</if>
<kw name="Verify Car heading" library="CarBase">
<arg>${carheading}</arg>
<status status="NOT RUN" starttime="20240902 00:24:36.681" endtime="20240902 00:24:36.681" />
</kw>
<status status="FAIL" starttime="20240902 00:23:57.553" endtime="20240902 00:24:36.681" />
</kw>
<kw name="Finish Test Case" library="commons" type="TEARDOWN">
<kw name="Log" library="BuiltIn">
<arg>Ending the test case</arg>
<doc>Logs the given message with the given level.</doc>
<msg timestamp="20240902 00:24:36.681" level="INFO">Ending the test case</msg>
<status status="PASS" starttime="20240902 00:24:36.681" endtime="20240902 00:24:36.681" />
</kw>
<kw name="Close Browser" library="SeleniumLibrary">
<doc>Closes the current browser.</doc>
<status status="PASS" starttime="20240902 00:24:36.681" endtime="20240902 00:24:36.681" />
</kw>
<status status="PASS" starttime="20240902 00:24:36.681" endtime="20240902 00:24:36.681" />
</kw>
<status status="FAIL" starttime="20240902 00:23:57.553" endtime="20240902 00:24:36.681">Element with locator '//div[normalize-space()='NEW CARS']' not found.</status>
</test>
<test id="s1-t3" name="Find New BMW Car Test" line="36">
<kw name="Find New Cars">
<arg>chrome</arg>
<arg>BMW</arg>
<arg>BMW Cars</arg>
<kw name="Launching Browser" library="commons">
<arg>${testsiteurl}</arg>
<arg>${browser}</arg>
<kw name="Open Browser" library="SeleniumLibrary">
<arg>${url}</arg>
<arg>${browserName}</arg>
<doc>Opens a new browser instance to the optional ``url``.</doc>
<msg timestamp="20240902 00:24:37.957" level="INFO">Opening browser 'chrome' to base url 'https://carwale.com/'.</msg>
<msg timestamp="20240902 00:24:42.624" level="INFO">Completed setup!</msg>
<status status="PASS" starttime="20240902 00:24:37.948" endtime="20240902 00:25:04.784" />
</kw>
<kw name="Set Selenium Implicit Wait" library="SeleniumLibrary">
<arg>20 seconds</arg>
<doc>Sets the implicit wait value used by Selenium.</doc>
<status status="PASS" starttime="20240902 00:25:04.784" endtime="20240902 00:25:05.054" />
</kw>
<kw name="Log Title" library="SeleniumLibrary">
<doc>Logs and returns the title of the current page.</doc>
<msg timestamp="20240902 00:25:05.230" level="INFO">New Cars, Used Cars, Buy a Car, Sell Your Car - CarWale</msg>
<status status="PASS" starttime="20240902 00:25:05.054" endtime="20240902 00:25:05.230" />
</kw>
<status status="PASS" starttime="20240902 00:24:37.948" endtime="20240902 00:25:05.230" />
</kw>
<kw name="Maximize Browser Window" library="SeleniumLibrary">
<doc>Maximizes current browser window.</doc>
<status status="PASS" starttime="20240902 00:25:05.230" endtime="20240902 00:25:05.425" />
</kw>
<kw name="Go to new car page" library="HomePage">
<kw name="Mouse Over" library="SeleniumLibrary">
<arg>${newcar_xpath}</arg>
<doc>Simulates hovering the mouse over the element ``locator``.</doc>
<msg timestamp="20240902 00:25:05.426" level="INFO">Simulating Mouse Over on element '//div[normalize-space()='NEW CARS']'.</msg>
<msg timestamp="20240902 00:25:06.955" level="INFO" html="true">&lt;/td&gt;&lt;/tr&gt;&lt;tr&gt;&lt;td colspan="3"&gt;&lt;a href="selenium-screenshot-3.png"&gt;&lt;img src="selenium-screenshot-3.png" width="800px"&gt;&lt;/a&gt;</msg>
<msg timestamp="20240902 00:25:06.955" level="FAIL">Element with locator '//div[normalize-space()='NEW CARS']' not found.</msg>
<status status="FAIL" starttime="20240902 00:25:05.426" endtime="20240902 00:25:06.956" />
</kw>
<kw name="Click Element" library="SeleniumLibrary">
<arg>${findnewcar_xpath}</arg>
<doc>Click the element identified by ``locator``.</doc>
<status status="NOT RUN" starttime="20240902 00:25:06.956" endtime="20240902 00:25:06.956" />
</kw>
<kw name="Element Text Should Be" library="SeleniumLibrary">
<arg>${newcar_header_xpath}</arg>
<arg>New Cars</arg>
<doc>Verifies that element ``locator`` contains exact the text ``expected``.</doc>
<status status="NOT RUN" starttime="20240902 00:25:06.956" endtime="20240902 00:25:06.956" />
</kw>
<status status="FAIL" starttime="20240902 00:25:05.426" endtime="20240902 00:25:06.957" />
</kw>
<if>
<branch type="IF" condition="${brandname} == &quot;Toyota&quot;">
<kw name="Go to Toyota" library="NewCarPage">
<status status="NOT RUN" starttime="20240902 00:25:06.957" endtime="20240902 00:25:06.957" />
</kw>
<status status="NOT RUN" starttime="20240902 00:25:06.957" endtime="20240902 00:25:06.957" />
</branch>
<branch type="ELSE IF" condition="${brandname} == &quot;BMW&quot;">
<kw name="Go to BMW" library="NewCarPage">
<status status="NOT RUN" starttime="20240902 00:25:06.957" endtime="20240902 00:25:06.957" />
</kw>
<status status="NOT RUN" starttime="20240902 00:25:06.957" endtime="20240902 00:25:06.957" />
</branch>
<branch type="ELSE IF" condition="${brandname} == &quot;Kia&quot;">
<kw name="Go to Kia" library="NewCarPage">
<status status="NOT RUN" starttime="20240902 00:25:06.957" endtime="20240902 00:25:06.957" />
</kw>
<status status="NOT RUN" starttime="20240902 00:25:06.957" endtime="20240902 00:25:06.957" />
</branch>
<branch type="ELSE">
<kw name="Log To Console" library="BuiltIn">
<arg>Invalid car selected</arg>
<doc>Logs the given message to the console.</doc>
<status status="NOT RUN" starttime="20240902 00:25:06.958" endtime="20240902 00:25:06.959" />
</kw>
<status status="NOT RUN" starttime="20240902 00:25:06.957" endtime="20240902 00:25:06.959" />
</branch>
<status status="NOT RUN" starttime="20240902 00:25:06.957" endtime="20240902 00:25:06.959" />
</if>
<kw name="Verify Car heading" library="CarBase">
<arg>${carheading}</arg>
<status status="NOT RUN" starttime="20240902 00:25:06.959" endtime="20240902 00:25:06.959" />
</kw>
<status status="FAIL" starttime="20240902 00:24:37.948" endtime="20240902 00:25:06.959" />
</kw>
<kw name="Finish Test Case" library="commons" type="TEARDOWN">
<kw name="Log" library="BuiltIn">
<arg>Ending the test case</arg>
<doc>Logs the given message with the given level.</doc>
<msg timestamp="20240902 00:25:06.959" level="INFO">Ending the test case</msg>
<status status="PASS" starttime="20240902 00:25:06.959" endtime="20240902 00:25:06.960" />
</kw>
<kw name="Close Browser" library="SeleniumLibrary">
<doc>Closes the current browser.</doc>
<status status="PASS" starttime="20240902 00:25:06.960" endtime="20240902 00:25:06.960" />
</kw>
<status status="PASS" starttime="20240902 00:25:06.959" endtime="20240902 00:25:06.960" />
</kw>
<status status="FAIL" starttime="20240902 00:24:37.948" endtime="20240902 00:25:06.960">Element with locator '//div[normalize-space()='NEW CARS']' not found.</status>
</test>
<status status="FAIL" starttime="20240902 00:23:19.386" endtime="20240902 00:25:08.535" />
</suite>
<status status="FAIL" starttime="20240902 00:23:19.386" endtime="20240902 00:25:08.535" />
</suite><errors>
<msg timestamp="20240902 00:23:19.529" level="ERROR">Error in file 'C:\Users\yashshvi.a.mittal\RobotFramework\robot-python\Resources\commons.resource' on line 4: Setting 'Suite Teardown' is not allowed in resource file.</msg>
</errors>
</robot>