<?xml version="1.0" encoding="UTF-8"?>
<robot generator="Robot 6.1.1 (Python 3.12.1 on win32)" generated="20231219 23:10:33.924" rpa="false" schemaversion="4">
<suite id="s1" name="testCases" source="C:\Users\yashshvi.a.mittal\RobotFramework\pythonProject1\testCases">
<suite id="s1-s1" name="getCarNameTest" source="C:\Users\yashshvi.a.mittal\RobotFramework\pythonProject1\testCases\getCarNameTest.robot">
<test id="s1-s1-t1" name="Get Cars Name Test Toyota" line="37">
<kw name="Find New Cars">
<arg>chrome</arg>
<arg>Toyota</arg>
<arg>Toyota Cars</arg>
<kw name="Launching Browser" library="commons">
<arg>${testsiteurl}</arg>
<arg>${browser}</arg>
<kw name="Open Browser" library="SeleniumLibrary">
<arg>${url}</arg>
<arg>${browserName}</arg>
<doc>Opens a new browser instance to the optional ``url``.</doc>
<msg timestamp="20231219 23:10:35.048" level="INFO">Opening browser 'chrome' to base url 'https://carwale.com/'.</msg>
<status status="PASS" starttime="20231219 23:10:35.048" endtime="20231219 23:10:45.093"/>
</kw>
<kw name="Set Selenium Implicit Wait" library="SeleniumLibrary">
<arg>20 seconds</arg>
<doc>Sets the implicit wait value used by Selenium.</doc>
<status status="PASS" starttime="20231219 23:10:45.093" endtime="20231219 23:10:45.096"/>
</kw>
<kw name="Log Title" library="SeleniumLibrary">
<doc>Logs and returns the title of the current page.</doc>
<msg timestamp="20231219 23:10:45.103" level="INFO">New Cars, Used Cars, Buy a Car, Sell Your Car - CarWale</msg>
<status status="PASS" starttime="20231219 23:10:45.096" endtime="20231219 23:10:45.103"/>
</kw>
<status status="PASS" starttime="20231219 23:10:35.047" endtime="20231219 23:10:45.104"/>
</kw>
<kw name="Maximize Browser Window" library="SeleniumLibrary">
<doc>Maximizes current browser window.</doc>
<status status="PASS" starttime="20231219 23:10:45.104" endtime="20231219 23:10:45.237"/>
</kw>
<kw name="Go to new car page" library="HomePage">
<kw name="Mouse Over" library="SeleniumLibrary">
<arg>${newcar_xpath}</arg>
<doc>Simulates hovering the mouse over the element ``locator``.</doc>
<msg timestamp="20231219 23:10:45.239" level="INFO">Simulating Mouse Over on element '//div[normalize-space()='NEW CARS']'.</msg>
<status status="PASS" starttime="20231219 23:10:45.238" endtime="20231219 23:10:45.604"/>
</kw>
<kw name="Click Element" library="SeleniumLibrary">
<arg>${findnewcar_xpath}</arg>
<doc>Click the element identified by ``locator``.</doc>
<msg timestamp="20231219 23:10:45.608" level="INFO">Clicking element '//div[contains(text(),'Find New Cars')]'.</msg>
<status status="PASS" starttime="20231219 23:10:45.605" endtime="20231219 23:10:45.785"/>
</kw>
<kw name="Element Text Should Be" library="SeleniumLibrary">
<arg>${newcar_header_xpath}</arg>
<arg>New Cars</arg>
<doc>Verifies that element ``locator`` contains exact the text ``expected``.</doc>
<msg timestamp="20231219 23:10:45.787" level="INFO">Verifying element '//h1[normalize-space()='New Cars']' contains exact text 'New Cars'.</msg>
<status status="PASS" starttime="20231219 23:10:45.786" endtime="20231219 23:10:46.347"/>
</kw>
<status status="PASS" starttime="20231219 23:10:45.237" endtime="20231219 23:10:46.347"/>
</kw>
<if>
<branch type="IF" condition="&quot;${brandname}&quot; == &quot;Toyota&quot;">
<kw name="Go to Toyota" library="NewCarPage">
<kw name="Click Element" library="SeleniumLibrary">
<arg>${toyotacar_xpath}</arg>
<doc>Click the element identified by ``locator``.</doc>
<msg timestamp="20231219 23:10:46.349" level="INFO">Clicking element '//div[normalize-space()='Toyota']'.</msg>
<status status="PASS" starttime="20231219 23:10:46.349" endtime="20231219 23:10:46.431"/>
</kw>
<status status="PASS" starttime="20231219 23:10:46.348" endtime="20231219 23:10:46.431"/>
</kw>
<status status="PASS" starttime="20231219 23:10:46.348" endtime="20231219 23:10:46.431"/>
</branch>
<branch type="ELSE IF" condition="&quot;${brandname}&quot; == &quot;BMW&quot;">
<kw name="Go to BMW" library="NewCarPage">
<status status="NOT RUN" starttime="20231219 23:10:46.432" endtime="20231219 23:10:46.433"/>
</kw>
<status status="NOT RUN" starttime="20231219 23:10:46.431" endtime="20231219 23:10:46.433"/>
</branch>
<branch type="ELSE IF" condition="&quot;${brandname}&quot; == &quot;Kia&quot;">
<kw name="Go to Kia" library="NewCarPage">
<status status="NOT RUN" starttime="20231219 23:10:46.433" endtime="20231219 23:10:46.433"/>
</kw>
<status status="NOT RUN" starttime="20231219 23:10:46.433" endtime="20231219 23:10:46.433"/>
</branch>
<branch type="ELSE">
<kw name="Log To Console" library="BuiltIn">
<arg>Invalid car selected</arg>
<doc>Logs the given message to the console.</doc>
<status status="NOT RUN" starttime="20231219 23:10:46.434" endtime="20231219 23:10:46.434"/>
</kw>
<status status="NOT RUN" starttime="20231219 23:10:46.433" endtime="20231219 23:10:46.434"/>
</branch>
<status status="PASS" starttime="20231219 23:10:46.348" endtime="20231219 23:10:46.434"/>
</if>
<kw name="Verify Car heading" library="CarBase">
<arg>${carheading}</arg>
<kw name="Element Text Should Be" library="SeleniumLibrary">
<arg>${carheading_xpath}</arg>
<arg>${carheading}</arg>
<doc>Verifies that element ``locator`` contains exact the text ``expected``.</doc>
<msg timestamp="20231219 23:10:46.436" level="INFO">Verifying element '//*[@id='root']/div[2]/div/div[2]/div/h1' contains exact text 'Toyota Cars'.</msg>
<status status="PASS" starttime="20231219 23:10:46.435" endtime="20231219 23:10:47.159"/>
</kw>
<status status="PASS" starttime="20231219 23:10:46.434" endtime="20231219 23:10:47.159"/>
</kw>
<kw name="get car name" library="CarBase">
<kw name="Get WebElements" library="SeleniumLibrary">
<var>@{carnames}</var>
<arg>${carnames_xpath}</arg>
<doc>Returns a list of WebElement objects matching the ``locator``.</doc>
<msg timestamp="20231219 23:10:47.176" level="INFO">@{carnames} = [ &lt;selenium.webdriver.remote.webelement.WebElement (session="7cff9fe8b14c4e2437484abd4ad124ff", element="ABB3488821A8631134468297F60AB466_element_77")&gt; | &lt;selenium.webdriver.remote.webelement.WebEleme...</msg>
<status status="PASS" starttime="20231219 23:10:47.160" endtime="20231219 23:10:47.176"/>
</kw>
<for flavor="IN">
<var>${carname}</var>
<value>@{carnames}</value>
<iter>
<var name="${carname}">&lt;selenium.webdriver.remote.webelement.WebElement (session="7cff9fe8b14c4e2437484abd4ad124ff", element="ABB3488821A8631134468297F60AB466_element_77")&gt;</var>
<kw name="Get Text" library="SeleniumLibrary">
<var>${text}</var>
<arg>${carname}</arg>
<doc>Returns the text value of the element identified by ``locator``.</doc>
<msg timestamp="20231219 23:10:47.185" level="INFO">${text} = Toyota Urban Cruiser Hyryder</msg>
<status status="PASS" starttime="20231219 23:10:47.177" endtime="20231219 23:10:47.185"/>
</kw>
<kw name="Log To Console" library="BuiltIn">
<arg>${text}</arg>
<doc>Logs the given message to the console.</doc>
<status status="PASS" starttime="20231219 23:10:47.185" endtime="20231219 23:10:47.186"/>
</kw>
<status status="PASS" starttime="20231219 23:10:47.176" endtime="20231219 23:10:47.186"/>
</iter>
<iter>
<var name="${carname}">&lt;selenium.webdriver.remote.webelement.WebElement (session="7cff9fe8b14c4e2437484abd4ad124ff", element="ABB3488821A8631134468297F60AB466_element_78")&gt;</var>
<kw name="Get Text" library="SeleniumLibrary">
<var>${text}</var>
<arg>${carname}</arg>
<doc>Returns the text value of the element identified by ``locator``.</doc>
<msg timestamp="20231219 23:10:47.194" level="INFO">${text} = Toyota Innova Crysta</msg>
<status status="PASS" starttime="20231219 23:10:47.187" endtime="20231219 23:10:47.194"/>
</kw>
<kw name="Log To Console" library="BuiltIn">
<arg>${text}</arg>
<doc>Logs the given message to the console.</doc>
<status status="PASS" starttime="20231219 23:10:47.194" endtime="20231219 23:10:47.195"/>
</kw>
<status status="PASS" starttime="20231219 23:10:47.186" endtime="20231219 23:10:47.195"/>
</iter>
<iter>
<var name="${carname}">&lt;selenium.webdriver.remote.webelement.WebElement (session="7cff9fe8b14c4e2437484abd4ad124ff", element="ABB3488821A8631134468297F60AB466_element_79")&gt;</var>
<kw name="Get Text" library="SeleniumLibrary">
<var>${text}</var>
<arg>${carname}</arg>
<doc>Returns the text value of the element identified by ``locator``.</doc>
<msg timestamp="20231219 23:10:47.204" level="INFO">${text} = Toyota Innova Hycross</msg>
<status status="PASS" starttime="20231219 23:10:47.196" endtime="20231219 23:10:47.204"/>
</kw>
<kw name="Log To Console" library="BuiltIn">
<arg>${text}</arg>
<doc>Logs the given message to the console.</doc>
<status status="PASS" starttime="20231219 23:10:47.204" endtime="20231219 23:10:47.205"/>
</kw>
<status status="PASS" starttime="20231219 23:10:47.195" endtime="20231219 23:10:47.205"/>
</iter>
<iter>
<var name="${carname}">&lt;selenium.webdriver.remote.webelement.WebElement (session="7cff9fe8b14c4e2437484abd4ad124ff", element="ABB3488821A8631134468297F60AB466_element_80")&gt;</var>
<kw name="Get Text" library="SeleniumLibrary">
<var>${text}</var>
<arg>${carname}</arg>
<doc>Returns the text value of the element identified by ``locator``.</doc>
<msg timestamp="20231219 23:10:47.212" level="INFO">${text} = Toyota Fortuner</msg>
<status status="PASS" starttime="20231219 23:10:47.205" endtime="20231219 23:10:47.212"/>
</kw>
<kw name="Log To Console" library="BuiltIn">
<arg>${text}</arg>
<doc>Logs the given message to the console.</doc>
<status status="PASS" starttime="20231219 23:10:47.212" endtime="20231219 23:10:47.214"/>
</kw>
<status status="PASS" starttime="20231219 23:10:47.205" endtime="20231219 23:10:47.214"/>
</iter>
<iter>
<var name="${carname}">&lt;selenium.webdriver.remote.webelement.WebElement (session="7cff9fe8b14c4e2437484abd4ad124ff", element="ABB3488821A8631134468297F60AB466_element_81")&gt;</var>
<kw name="Get Text" library="SeleniumLibrary">
<var>${text}</var>
<arg>${carname}</arg>
<doc>Returns the text value of the element identified by ``locator``.</doc>
<msg timestamp="20231219 23:10:47.222" level="INFO">${text} = Toyota Rumion</msg>
<status status="PASS" starttime="20231219 23:10:47.215" endtime="20231219 23:10:47.222"/>
</kw>
<kw name="Log To Console" library="BuiltIn">
<arg>${text}</arg>
<doc>Logs the given message to the console.</doc>
<status status="PASS" starttime="20231219 23:10:47.222" endtime="20231219 23:10:47.222"/>
</kw>
<status status="PASS" starttime="20231219 23:10:47.214" endtime="20231219 23:10:47.223"/>
</iter>
<iter>
<var name="${carname}">&lt;selenium.webdriver.remote.webelement.WebElement (session="7cff9fe8b14c4e2437484abd4ad124ff", element="ABB3488821A8631134468297F60AB466_element_82")&gt;</var>
<kw name="Get Text" library="SeleniumLibrary">
<var>${text}</var>
<arg>${carname}</arg>
<doc>Returns the text value of the element identified by ``locator``.</doc>
<msg timestamp="20231219 23:10:47.229" level="INFO">${text} = Toyota Glanza</msg>
<status status="PASS" starttime="20231219 23:10:47.223" endtime="20231219 23:10:47.230"/>
</kw>
<kw name="Log To Console" library="BuiltIn">
<arg>${text}</arg>
<doc>Logs the given message to the console.</doc>
<status status="PASS" starttime="20231219 23:10:47.230" endtime="20231219 23:10:47.230"/>
</kw>
<status status="PASS" starttime="20231219 23:10:47.223" endtime="20231219 23:10:47.230"/>
</iter>
<iter>
<var name="${carname}">&lt;selenium.webdriver.remote.webelement.WebElement (session="7cff9fe8b14c4e2437484abd4ad124ff", element="ABB3488821A8631134468297F60AB466_element_83")&gt;</var>
<kw name="Get Text" library="SeleniumLibrary">
<var>${text}</var>
<arg>${carname}</arg>
<doc>Returns the text value of the element identified by ``locator``.</doc>
<msg timestamp="20231219 23:10:47.237" level="INFO">${text} = Toyota Land Cruiser</msg>
<status status="PASS" starttime="20231219 23:10:47.231" endtime="20231219 23:10:47.238"/>
</kw>
<kw name="Log To Console" library="BuiltIn">
<arg>${text}</arg>
<doc>Logs the given message to the console.</doc>
<status status="PASS" starttime="20231219 23:10:47.238" endtime="20231219 23:10:47.238"/>
</kw>
<status status="PASS" starttime="20231219 23:10:47.230" endtime="20231219 23:10:47.239"/>
</iter>
<iter>
<var name="${carname}">&lt;selenium.webdriver.remote.webelement.WebElement (session="7cff9fe8b14c4e2437484abd4ad124ff", element="ABB3488821A8631134468297F60AB466_element_84")&gt;</var>
<kw name="Get Text" library="SeleniumLibrary">
<var>${text}</var>
<arg>${carname}</arg>
<doc>Returns the text value of the element identified by ``locator``.</doc>
<msg timestamp="20231219 23:10:47.247" level="INFO">${text} = Toyota Fortuner Legender</msg>
<status status="PASS" starttime="20231219 23:10:47.239" endtime="20231219 23:10:47.247"/>
</kw>
<kw name="Log To Console" library="BuiltIn">
<arg>${text}</arg>
<doc>Logs the given message to the console.</doc>
<status status="PASS" starttime="20231219 23:10:47.247" endtime="20231219 23:10:47.247"/>
</kw>
<status status="PASS" starttime="20231219 23:10:47.239" endtime="20231219 23:10:47.247"/>
</iter>
<iter>
<var name="${carname}">&lt;selenium.webdriver.remote.webelement.WebElement (session="7cff9fe8b14c4e2437484abd4ad124ff", element="ABB3488821A8631134468297F60AB466_element_85")&gt;</var>
<kw name="Get Text" library="SeleniumLibrary">
<var>${text}</var>
<arg>${carname}</arg>
<doc>Returns the text value of the element identified by ``locator``.</doc>
<msg timestamp="20231219 23:10:47.257" level="INFO">${text} = Toyota Camry</msg>
<status status="PASS" starttime="20231219 23:10:47.248" endtime="20231219 23:10:47.257"/>
</kw>
<kw name="Log To Console" library="BuiltIn">
<arg>${text}</arg>
<doc>Logs the given message to the console.</doc>
<status status="PASS" starttime="20231219 23:10:47.257" endtime="20231219 23:10:47.257"/>
</kw>
<status status="PASS" starttime="20231219 23:10:47.247" endtime="20231219 23:10:47.257"/>
</iter>
<iter>
<var name="${carname}">&lt;selenium.webdriver.remote.webelement.WebElement (session="7cff9fe8b14c4e2437484abd4ad124ff", element="ABB3488821A8631134468297F60AB466_element_86")&gt;</var>
<kw name="Get Text" library="SeleniumLibrary">
<var>${text}</var>
<arg>${carname}</arg>
<doc>Returns the text value of the element identified by ``locator``.</doc>
<msg timestamp="20231219 23:10:47.265" level="INFO">${text} = Toyota Hilux</msg>
<status status="PASS" starttime="20231219 23:10:47.258" endtime="20231219 23:10:47.265"/>
</kw>
<kw name="Log To Console" library="BuiltIn">
<arg>${text}</arg>
<doc>Logs the given message to the console.</doc>
<status status="PASS" starttime="20231219 23:10:47.265" endtime="20231219 23:10:47.266"/>
</kw>
<status status="PASS" starttime="20231219 23:10:47.257" endtime="20231219 23:10:47.266"/>
</iter>
<iter>
<var name="${carname}">&lt;selenium.webdriver.remote.webelement.WebElement (session="7cff9fe8b14c4e2437484abd4ad124ff", element="ABB3488821A8631134468297F60AB466_element_87")&gt;</var>
<kw name="Get Text" library="SeleniumLibrary">
<var>${text}</var>
<arg>${carname}</arg>
<doc>Returns the text value of the element identified by ``locator``.</doc>
<msg timestamp="20231219 23:10:47.276" level="INFO">${text} = Toyota Vellfire</msg>
<status status="PASS" starttime="20231219 23:10:47.266" endtime="20231219 23:10:47.276"/>
</kw>
<kw name="Log To Console" library="BuiltIn">
<arg>${text}</arg>
<doc>Logs the given message to the console.</doc>
<status status="PASS" starttime="20231219 23:10:47.276" endtime="20231219 23:10:47.276"/>
</kw>
<status status="PASS" starttime="20231219 23:10:47.266" endtime="20231219 23:10:47.276"/>
</iter>
<iter>
<var name="${carname}">&lt;selenium.webdriver.remote.webelement.WebElement (session="7cff9fe8b14c4e2437484abd4ad124ff", element="ABB3488821A8631134468297F60AB466_element_88")&gt;</var>
<kw name="Get Text" library="SeleniumLibrary">
<var>${text}</var>
<arg>${carname}</arg>
<doc>Returns the text value of the element identified by ``locator``.</doc>
<msg timestamp="20231219 23:10:47.284" level="INFO">${text} = Toyota Innova Crysta G 8 STR</msg>
<status status="PASS" starttime="20231219 23:10:47.277" endtime="20231219 23:10:47.284"/>
</kw>
<kw name="Log To Console" library="BuiltIn">
<arg>${text}</arg>
<doc>Logs the given message to the console.</doc>
<status status="PASS" starttime="20231219 23:10:47.285" endtime="20231219 23:10:47.285"/>
</kw>
<status status="PASS" starttime="20231219 23:10:47.277" endtime="20231219 23:10:47.285"/>
</iter>
<iter>
<var name="${carname}">&lt;selenium.webdriver.remote.webelement.WebElement (session="7cff9fe8b14c4e2437484abd4ad124ff", element="ABB3488821A8631134468297F60AB466_element_89")&gt;</var>
<kw name="Get Text" library="SeleniumLibrary">
<var>${text}</var>
<arg>${carname}</arg>
<doc>Returns the text value of the element identified by ``locator``.</doc>
<msg timestamp="20231219 23:10:47.293" level="INFO">${text} = Toyota Urban Cruiser Taisor</msg>
<status status="PASS" starttime="20231219 23:10:47.286" endtime="20231219 23:10:47.293"/>
</kw>
<kw name="Log To Console" library="BuiltIn">
<arg>${text}</arg>
<doc>Logs the given message to the console.</doc>
<status status="PASS" starttime="20231219 23:10:47.293" endtime="20231219 23:10:47.294"/>
</kw>
<status status="PASS" starttime="20231219 23:10:47.285" endtime="20231219 23:10:47.294"/>
</iter>
<iter>
<var name="${carname}">&lt;selenium.webdriver.remote.webelement.WebElement (session="7cff9fe8b14c4e2437484abd4ad124ff", element="ABB3488821A8631134468297F60AB466_element_90")&gt;</var>
<kw name="Get Text" library="SeleniumLibrary">
<var>${text}</var>
<arg>${carname}</arg>
<doc>Returns the text value of the element identified by ``locator``.</doc>
<msg timestamp="20231219 23:10:47.301" level="INFO">${text} = Toyota BZ4X</msg>
<status status="PASS" starttime="20231219 23:10:47.294" endtime="20231219 23:10:47.301"/>
</kw>
<kw name="Log To Console" library="BuiltIn">
<arg>${text}</arg>
<doc>Logs the given message to the console.</doc>
<status status="PASS" starttime="20231219 23:10:47.301" endtime="20231219 23:10:47.302"/>
</kw>
<status status="PASS" starttime="20231219 23:10:47.294" endtime="20231219 23:10:47.302"/>
</iter>
<iter>
<var name="${carname}">&lt;selenium.webdriver.remote.webelement.WebElement (session="7cff9fe8b14c4e2437484abd4ad124ff", element="ABB3488821A8631134468297F60AB466_element_91")&gt;</var>
<kw name="Get Text" library="SeleniumLibrary">
<var>${text}</var>
<arg>${carname}</arg>
<doc>Returns the text value of the element identified by ``locator``.</doc>
<msg timestamp="20231219 23:10:47.308" level="INFO">${text} = Toyota Belta</msg>
<status status="PASS" starttime="20231219 23:10:47.302" endtime="20231219 23:10:47.308"/>
</kw>
<kw name="Log To Console" library="BuiltIn">
<arg>${text}</arg>
<doc>Logs the given message to the console.</doc>
<status status="PASS" starttime="20231219 23:10:47.309" endtime="20231219 23:10:47.309"/>
</kw>
<status status="PASS" starttime="20231219 23:10:47.302" endtime="20231219 23:10:47.309"/>
</iter>
<status status="PASS" starttime="20231219 23:10:47.176" endtime="20231219 23:10:47.309"/>
</for>
<status status="PASS" starttime="20231219 23:10:47.159" endtime="20231219 23:10:47.309"/>
</kw>
<status status="PASS" starttime="20231219 23:10:35.047" endtime="20231219 23:10:47.309"/>
</kw>
<kw name="Finish Test Case" library="commons" type="TEARDOWN">
<kw name="Log" library="BuiltIn">
<arg>Ending the test case</arg>
<doc>Logs the given message with the given level.</doc>
<msg timestamp="20231219 23:10:47.310" level="INFO">Ending the test case</msg>
<status status="PASS" starttime="20231219 23:10:47.310" endtime="20231219 23:10:47.311"/>
</kw>
<kw name="Close Browser" library="SeleniumLibrary">
<doc>Closes the current browser.</doc>
<status status="PASS" starttime="20231219 23:10:47.311" endtime="20231219 23:10:49.902"/>
</kw>
<status status="PASS" starttime="20231219 23:10:47.310" endtime="20231219 23:10:49.903"/>
</kw>
<status status="PASS" starttime="20231219 23:10:35.046" endtime="20231219 23:10:49.903"/>
</test>
<test id="s1-s1-t2" name="Get Cars Name Test Kia" line="37">
<kw name="Find New Cars">
<arg>firefox</arg>
<arg>Kia</arg>
<arg>Kia Cars</arg>
<kw name="Launching Browser" library="commons">
<arg>${testsiteurl}</arg>
<arg>${browser}</arg>
<kw name="Open Browser" library="SeleniumLibrary">
<arg>${url}</arg>
<arg>${browserName}</arg>
<doc>Opens a new browser instance to the optional ``url``.</doc>
<msg timestamp="20231219 23:10:49.910" level="INFO">Opening browser 'firefox' to base url 'https://carwale.com/'.</msg>
<status status="PASS" starttime="20231219 23:10:49.908" endtime="20231219 23:11:06.241"/>
</kw>
<kw name="Set Selenium Implicit Wait" library="SeleniumLibrary">
<arg>20 seconds</arg>
<doc>Sets the implicit wait value used by Selenium.</doc>
<status status="PASS" starttime="20231219 23:11:06.241" endtime="20231219 23:11:06.250"/>
</kw>
<kw name="Log Title" library="SeleniumLibrary">
<doc>Logs and returns the title of the current page.</doc>
<msg timestamp="20231219 23:11:06.256" level="INFO">New Cars, Used Cars, Buy a Car, Sell Your Car - CarWale</msg>
<status status="PASS" starttime="20231219 23:11:06.251" endtime="20231219 23:11:06.256"/>
</kw>
<status status="PASS" starttime="20231219 23:10:49.906" endtime="20231219 23:11:06.256"/>
</kw>
<kw name="Maximize Browser Window" library="SeleniumLibrary">
<doc>Maximizes current browser window.</doc>
<status status="PASS" starttime="20231219 23:11:06.256" endtime="20231219 23:11:06.263"/>
</kw>
<kw name="Go to new car page" library="HomePage">
<kw name="Mouse Over" library="SeleniumLibrary">
<arg>${newcar_xpath}</arg>
<doc>Simulates hovering the mouse over the element ``locator``.</doc>
<msg timestamp="20231219 23:11:06.265" level="INFO">Simulating Mouse Over on element '//div[normalize-space()='NEW CARS']'.</msg>
<status status="PASS" starttime="20231219 23:11:06.264" endtime="20231219 23:11:06.606"/>
</kw>
<kw name="Click Element" library="SeleniumLibrary">
<arg>${findnewcar_xpath}</arg>
<doc>Click the element identified by ``locator``.</doc>
<msg timestamp="20231219 23:11:06.607" level="INFO">Clicking element '//div[contains(text(),'Find New Cars')]'.</msg>
<status status="PASS" starttime="20231219 23:11:06.606" endtime="20231219 23:11:07.138"/>
</kw>
<kw name="Element Text Should Be" library="SeleniumLibrary">
<arg>${newcar_header_xpath}</arg>
<arg>New Cars</arg>
<doc>Verifies that element ``locator`` contains exact the text ``expected``.</doc>
<msg timestamp="20231219 23:11:07.140" level="INFO">Verifying element '//h1[normalize-space()='New Cars']' contains exact text 'New Cars'.</msg>
<status status="PASS" starttime="20231219 23:11:07.139" endtime="20231219 23:11:07.829"/>
</kw>
<status status="PASS" starttime="20231219 23:11:06.263" endtime="20231219 23:11:07.829"/>
</kw>
<if>
<branch type="IF" condition="&quot;${brandname}&quot; == &quot;Toyota&quot;">
<kw name="Go to Toyota" library="NewCarPage">
<status status="NOT RUN" starttime="20231219 23:11:07.829" endtime="20231219 23:11:07.830"/>
</kw>
<status status="NOT RUN" starttime="20231219 23:11:07.829" endtime="20231219 23:11:07.830"/>
</branch>
<branch type="ELSE IF" condition="&quot;${brandname}&quot; == &quot;BMW&quot;">
<kw name="Go to BMW" library="NewCarPage">
<status status="NOT RUN" starttime="20231219 23:11:07.831" endtime="20231219 23:11:07.831"/>
</kw>
<status status="NOT RUN" starttime="20231219 23:11:07.830" endtime="20231219 23:11:07.831"/>
</branch>
<branch type="ELSE IF" condition="&quot;${brandname}&quot; == &quot;Kia&quot;">
<kw name="Go to Kia" library="NewCarPage">
<kw name="Click Element" library="SeleniumLibrary">
<arg>${Kiacar_xpath}</arg>
<doc>Click the element identified by ``locator``.</doc>
<msg timestamp="20231219 23:11:07.833" level="INFO">Clicking element '//div[normalize-space()='Kia']'.</msg>
<status status="PASS" starttime="20231219 23:11:07.832" endtime="20231219 23:11:08.088"/>
</kw>
<status status="PASS" starttime="20231219 23:11:07.832" endtime="20231219 23:11:08.088"/>
</kw>
<status status="PASS" starttime="20231219 23:11:07.831" endtime="20231219 23:11:08.088"/>
</branch>
<branch type="ELSE">
<kw name="Log To Console" library="BuiltIn">
<arg>Invalid car selected</arg>
<doc>Logs the given message to the console.</doc>
<status status="NOT RUN" starttime="20231219 23:11:08.088" endtime="20231219 23:11:08.089"/>
</kw>
<status status="NOT RUN" starttime="20231219 23:11:08.088" endtime="20231219 23:11:08.089"/>
</branch>
<status status="PASS" starttime="20231219 23:11:07.829" endtime="20231219 23:11:08.089"/>
</if>
<kw name="Verify Car heading" library="CarBase">
<arg>${carheading}</arg>
<kw name="Element Text Should Be" library="SeleniumLibrary">
<arg>${carheading_xpath}</arg>
<arg>${carheading}</arg>
<doc>Verifies that element ``locator`` contains exact the text ``expected``.</doc>
<msg timestamp="20231219 23:11:08.090" level="INFO">Verifying element '//*[@id='root']/div[2]/div/div[2]/div/h1' contains exact text 'Kia Cars'.</msg>
<status status="PASS" starttime="20231219 23:11:08.089" endtime="20231219 23:11:08.324"/>
</kw>
<status status="PASS" starttime="20231219 23:11:08.089" endtime="20231219 23:11:08.324"/>
</kw>
<kw name="get car name" library="CarBase">
<kw name="Get WebElements" library="SeleniumLibrary">
<var>@{carnames}</var>
<arg>${carnames_xpath}</arg>
<doc>Returns a list of WebElement objects matching the ``locator``.</doc>
<msg timestamp="20231219 23:11:08.336" level="INFO">@{carnames} = [ &lt;selenium.webdriver.remote.webelement.WebElement (session="324392fb-c080-41ff-94d2-18a2c89f1035", element="fbef7c43-7392-4a9a-ae50-9746bfdc12e7")&gt; | &lt;selenium.webdriver.remote.webelement.WebElement ...</msg>
<status status="PASS" starttime="20231219 23:11:08.325" endtime="20231219 23:11:08.336"/>
</kw>
<for flavor="IN">
<var>${carname}</var>
<value>@{carnames}</value>
<iter>
<var name="${carname}">&lt;selenium.webdriver.remote.webelement.WebElement (session="324392fb-c080-41ff-94d2-18a2c89f1035", element="fbef7c43-7392-4a9a-ae50-9746bfdc12e7")&gt;</var>
<kw name="Get Text" library="SeleniumLibrary">
<var>${text}</var>
<arg>${carname}</arg>
<doc>Returns the text value of the element identified by ``locator``.</doc>
<msg timestamp="20231219 23:11:08.354" level="INFO">${text} = Kia Seltos</msg>
<status status="PASS" starttime="20231219 23:11:08.337" endtime="20231219 23:11:08.354"/>
</kw>
<kw name="Log To Console" library="BuiltIn">
<arg>${text}</arg>
<doc>Logs the given message to the console.</doc>
<status status="PASS" starttime="20231219 23:11:08.354" endtime="20231219 23:11:08.355"/>
</kw>
<status status="PASS" starttime="20231219 23:11:08.336" endtime="20231219 23:11:08.355"/>
</iter>
<iter>
<var name="${carname}">&lt;selenium.webdriver.remote.webelement.WebElement (session="324392fb-c080-41ff-94d2-18a2c89f1035", element="be943365-c16a-4d3f-be59-9fc6d0242b00")&gt;</var>
<kw name="Get Text" library="SeleniumLibrary">
<var>${text}</var>
<arg>${carname}</arg>
<doc>Returns the text value of the element identified by ``locator``.</doc>
<msg timestamp="20231219 23:11:08.365" level="INFO">${text} = Kia Sonet</msg>
<status status="PASS" starttime="20231219 23:11:08.356" endtime="20231219 23:11:08.365"/>
</kw>
<kw name="Log To Console" library="BuiltIn">
<arg>${text}</arg>
<doc>Logs the given message to the console.</doc>
<status status="PASS" starttime="20231219 23:11:08.365" endtime="20231219 23:11:08.366"/>
</kw>
<status status="PASS" starttime="20231219 23:11:08.355" endtime="20231219 23:11:08.366"/>
</iter>
<iter>
<var name="${carname}">&lt;selenium.webdriver.remote.webelement.WebElement (session="324392fb-c080-41ff-94d2-18a2c89f1035", element="2cd57078-ed64-4484-8c65-cbfa29275aee")&gt;</var>
<kw name="Get Text" library="SeleniumLibrary">
<var>${text}</var>
<arg>${carname}</arg>
<doc>Returns the text value of the element identified by ``locator``.</doc>
<msg timestamp="20231219 23:11:08.378" level="INFO">${text} = Kia Carens</msg>
<status status="PASS" starttime="20231219 23:11:08.367" endtime="20231219 23:11:08.378"/>
</kw>
<kw name="Log To Console" library="BuiltIn">
<arg>${text}</arg>
<doc>Logs the given message to the console.</doc>
<status status="PASS" starttime="20231219 23:11:08.378" endtime="20231219 23:11:08.379"/>
</kw>
<status status="PASS" starttime="20231219 23:11:08.367" endtime="20231219 23:11:08.379"/>
</iter>
<iter>
<var name="${carname}">&lt;selenium.webdriver.remote.webelement.WebElement (session="324392fb-c080-41ff-94d2-18a2c89f1035", element="09c8235b-5d6b-46f7-b132-21225e451f61")&gt;</var>
<kw name="Get Text" library="SeleniumLibrary">
<var>${text}</var>
<arg>${carname}</arg>
<doc>Returns the text value of the element identified by ``locator``.</doc>
<msg timestamp="20231219 23:11:08.387" level="INFO">${text} = Kia EV6</msg>
<status status="PASS" starttime="20231219 23:11:08.380" endtime="20231219 23:11:08.388"/>
</kw>
<kw name="Log To Console" library="BuiltIn">
<arg>${text}</arg>
<doc>Logs the given message to the console.</doc>
<status status="PASS" starttime="20231219 23:11:08.388" endtime="20231219 23:11:08.388"/>
</kw>
<status status="PASS" starttime="20231219 23:11:08.379" endtime="20231219 23:11:08.388"/>
</iter>
<iter>
<var name="${carname}">&lt;selenium.webdriver.remote.webelement.WebElement (session="324392fb-c080-41ff-94d2-18a2c89f1035", element="b154a476-dfae-4762-8c06-2bebd5c26cf8")&gt;</var>
<kw name="Get Text" library="SeleniumLibrary">
<var>${text}</var>
<arg>${carname}</arg>
<doc>Returns the text value of the element identified by ``locator``.</doc>
<msg timestamp="20231219 23:11:08.396" level="INFO">${text} = Kia Sonet Facelift</msg>
<status status="PASS" starttime="20231219 23:11:08.389" endtime="20231219 23:11:08.396"/>
</kw>
<kw name="Log To Console" library="BuiltIn">
<arg>${text}</arg>
<doc>Logs the given message to the console.</doc>
<status status="PASS" starttime="20231219 23:11:08.396" endtime="20231219 23:11:08.397"/>
</kw>
<status status="PASS" starttime="20231219 23:11:08.388" endtime="20231219 23:11:08.397"/>
</iter>
<iter>
<var name="${carname}">&lt;selenium.webdriver.remote.webelement.WebElement (session="324392fb-c080-41ff-94d2-18a2c89f1035", element="813d1342-f950-451c-af1f-058430cf406b")&gt;</var>
<kw name="Get Text" library="SeleniumLibrary">
<var>${text}</var>
<arg>${carname}</arg>
<doc>Returns the text value of the element identified by ``locator``.</doc>
<msg timestamp="20231219 23:11:08.405" level="INFO">${text} = Kia KA4 (Carnival)</msg>
<status status="PASS" starttime="20231219 23:11:08.398" endtime="20231219 23:11:08.405"/>
</kw>
<kw name="Log To Console" library="BuiltIn">
<arg>${text}</arg>
<doc>Logs the given message to the console.</doc>
<status status="PASS" starttime="20231219 23:11:08.405" endtime="20231219 23:11:08.405"/>
</kw>
<status status="PASS" starttime="20231219 23:11:08.397" endtime="20231219 23:11:08.406"/>
</iter>
<iter>
<var name="${carname}">&lt;selenium.webdriver.remote.webelement.WebElement (session="324392fb-c080-41ff-94d2-18a2c89f1035", element="2863ed9f-fe90-4af7-b3e4-28bbb8cd7904")&gt;</var>
<kw name="Get Text" library="SeleniumLibrary">
<var>${text}</var>
<arg>${carname}</arg>
<doc>Returns the text value of the element identified by ``locator``.</doc>
<msg timestamp="20231219 23:11:08.411" level="INFO">${text} = Kia EV9</msg>
<status status="PASS" starttime="20231219 23:11:08.406" endtime="20231219 23:11:08.411"/>
</kw>
<kw name="Log To Console" library="BuiltIn">
<arg>${text}</arg>
<doc>Logs the given message to the console.</doc>
<status status="PASS" starttime="20231219 23:11:08.411" endtime="20231219 23:11:08.412"/>
</kw>
<status status="PASS" starttime="20231219 23:11:08.406" endtime="20231219 23:11:08.412"/>
</iter>
<iter>
<var name="${carname}">&lt;selenium.webdriver.remote.webelement.WebElement (session="324392fb-c080-41ff-94d2-18a2c89f1035", element="7c1ae9ae-d5fb-4c49-b2c2-59139a9bde20")&gt;</var>
<kw name="Get Text" library="SeleniumLibrary">
<var>${text}</var>
<arg>${carname}</arg>
<doc>Returns the text value of the element identified by ``locator``.</doc>
<msg timestamp="20231219 23:11:08.418" level="INFO">${text} = Kia EV5</msg>
<status status="PASS" starttime="20231219 23:11:08.412" endtime="20231219 23:11:08.418"/>
</kw>
<kw name="Log To Console" library="BuiltIn">
<arg>${text}</arg>
<doc>Logs the given message to the console.</doc>
<status status="PASS" starttime="20231219 23:11:08.418" endtime="20231219 23:11:08.419"/>
</kw>
<status status="PASS" starttime="20231219 23:11:08.412" endtime="20231219 23:11:08.419"/>
</iter>
<status status="PASS" starttime="20231219 23:11:08.336" endtime="20231219 23:11:08.419"/>
</for>
<status status="PASS" starttime="20231219 23:11:08.324" endtime="20231219 23:11:08.419"/>
</kw>
<status status="PASS" starttime="20231219 23:10:49.905" endtime="20231219 23:11:08.419"/>
</kw>
<kw name="Finish Test Case" library="commons" type="TEARDOWN">
<kw name="Log" library="BuiltIn">
<arg>Ending the test case</arg>
<doc>Logs the given message with the given level.</doc>
<msg timestamp="20231219 23:11:08.420" level="INFO">Ending the test case</msg>
<status status="PASS" starttime="20231219 23:11:08.420" endtime="20231219 23:11:08.420"/>
</kw>
<kw name="Close Browser" library="SeleniumLibrary">
<doc>Closes the current browser.</doc>
<status status="PASS" starttime="20231219 23:11:08.420" endtime="20231219 23:11:13.368"/>
</kw>
<status status="PASS" starttime="20231219 23:11:08.419" endtime="20231219 23:11:13.369"/>
</kw>
<status status="PASS" starttime="20231219 23:10:49.903" endtime="20231219 23:11:13.369"/>
</test>
<test id="s1-s1-t3" name="Get Cars Name Test BMW" line="37">
<kw name="Find New Cars">
<arg>chrome</arg>
<arg>BMW</arg>
<arg>BMW Cars</arg>
<kw name="Launching Browser" library="commons">
<arg>${testsiteurl}</arg>
<arg>${browser}</arg>
<kw name="Open Browser" library="SeleniumLibrary">
<arg>${url}</arg>
<arg>${browserName}</arg>
<doc>Opens a new browser instance to the optional ``url``.</doc>
<msg timestamp="20231219 23:11:13.378" level="INFO">Opening browser 'chrome' to base url 'https://carwale.com/'.</msg>
<status status="PASS" starttime="20231219 23:11:13.376" endtime="20231219 23:11:22.301"/>
</kw>
<kw name="Set Selenium Implicit Wait" library="SeleniumLibrary">
<arg>20 seconds</arg>
<doc>Sets the implicit wait value used by Selenium.</doc>
<status status="PASS" starttime="20231219 23:11:22.301" endtime="20231219 23:11:22.302"/>
</kw>
<kw name="Log Title" library="SeleniumLibrary">
<doc>Logs and returns the title of the current page.</doc>
<msg timestamp="20231219 23:11:22.309" level="INFO">New Cars, Used Cars, Buy a Car, Sell Your Car - CarWale</msg>
<status status="PASS" starttime="20231219 23:11:22.302" endtime="20231219 23:11:22.309"/>
</kw>
<status status="PASS" starttime="20231219 23:11:13.375" endtime="20231219 23:11:22.309"/>
</kw>
<kw name="Maximize Browser Window" library="SeleniumLibrary">
<doc>Maximizes current browser window.</doc>
<status status="PASS" starttime="20231219 23:11:22.309" endtime="20231219 23:11:22.435"/>
</kw>
<kw name="Go to new car page" library="HomePage">
<kw name="Mouse Over" library="SeleniumLibrary">
<arg>${newcar_xpath}</arg>
<doc>Simulates hovering the mouse over the element ``locator``.</doc>
<msg timestamp="20231219 23:11:22.436" level="INFO">Simulating Mouse Over on element '//div[normalize-space()='NEW CARS']'.</msg>
<status status="PASS" starttime="20231219 23:11:22.435" endtime="20231219 23:11:22.725"/>
</kw>
<kw name="Click Element" library="SeleniumLibrary">
<arg>${findnewcar_xpath}</arg>
<doc>Click the element identified by ``locator``.</doc>
<msg timestamp="20231219 23:11:22.725" level="INFO">Clicking element '//div[contains(text(),'Find New Cars')]'.</msg>
<status status="PASS" starttime="20231219 23:11:22.725" endtime="20231219 23:11:22.817"/>
</kw>
<kw name="Element Text Should Be" library="SeleniumLibrary">
<arg>${newcar_header_xpath}</arg>
<arg>New Cars</arg>
<doc>Verifies that element ``locator`` contains exact the text ``expected``.</doc>
<msg timestamp="20231219 23:11:22.818" level="INFO">Verifying element '//h1[normalize-space()='New Cars']' contains exact text 'New Cars'.</msg>
<status status="PASS" starttime="20231219 23:11:22.817" endtime="20231219 23:11:23.175"/>
</kw>
<status status="PASS" starttime="20231219 23:11:22.435" endtime="20231219 23:11:23.176"/>
</kw>
<if>
<branch type="IF" condition="&quot;${brandname}&quot; == &quot;Toyota&quot;">
<kw name="Go to Toyota" library="NewCarPage">
<status status="NOT RUN" starttime="20231219 23:11:23.177" endtime="20231219 23:11:23.177"/>
</kw>
<status status="NOT RUN" starttime="20231219 23:11:23.176" endtime="20231219 23:11:23.177"/>
</branch>
<branch type="ELSE IF" condition="&quot;${brandname}&quot; == &quot;BMW&quot;">
<kw name="Go to BMW" library="NewCarPage">
<kw name="Click Element" library="SeleniumLibrary">
<arg>${BMWcar_xpath}</arg>
<doc>Click the element identified by ``locator``.</doc>
<msg timestamp="20231219 23:11:23.179" level="INFO">Clicking element '//div[normalize-space()='BMW']'.</msg>
<status status="PASS" starttime="20231219 23:11:23.178" endtime="20231219 23:11:23.247"/>
</kw>
<status status="PASS" starttime="20231219 23:11:23.177" endtime="20231219 23:11:23.247"/>
</kw>
<status status="PASS" starttime="20231219 23:11:23.177" endtime="20231219 23:11:23.247"/>
</branch>
<branch type="ELSE IF" condition="&quot;${brandname}&quot; == &quot;Kia&quot;">
<kw name="Go to Kia" library="NewCarPage">
<status status="NOT RUN" starttime="20231219 23:11:23.248" endtime="20231219 23:11:23.248"/>
</kw>
<status status="NOT RUN" starttime="20231219 23:11:23.247" endtime="20231219 23:11:23.249"/>
</branch>
<branch type="ELSE">
<kw name="Log To Console" library="BuiltIn">
<arg>Invalid car selected</arg>
<doc>Logs the given message to the console.</doc>
<status status="NOT RUN" starttime="20231219 23:11:23.249" endtime="20231219 23:11:23.250"/>
</kw>
<status status="NOT RUN" starttime="20231219 23:11:23.249" endtime="20231219 23:11:23.250"/>
</branch>
<status status="PASS" starttime="20231219 23:11:23.176" endtime="20231219 23:11:23.250"/>
</if>
<kw name="Verify Car heading" library="CarBase">
<arg>${carheading}</arg>
<kw name="Element Text Should Be" library="SeleniumLibrary">
<arg>${carheading_xpath}</arg>
<arg>${carheading}</arg>
<doc>Verifies that element ``locator`` contains exact the text ``expected``.</doc>
<msg timestamp="20231219 23:11:23.252" level="INFO">Verifying element '//*[@id='root']/div[2]/div/div[2]/div/h1' contains exact text 'BMW Cars'.</msg>
<status status="PASS" starttime="20231219 23:11:23.251" endtime="20231219 23:11:23.710"/>
</kw>
<status status="PASS" starttime="20231219 23:11:23.250" endtime="20231219 23:11:23.710"/>
</kw>
<kw name="get car name" library="CarBase">
<kw name="Get WebElements" library="SeleniumLibrary">
<var>@{carnames}</var>
<arg>${carnames_xpath}</arg>
<doc>Returns a list of WebElement objects matching the ``locator``.</doc>
<msg timestamp="20231219 23:11:23.741" level="INFO">@{carnames} = [ &lt;selenium.webdriver.remote.webelement.WebElement (session="b84d30d5bc126adaf7023d9b701edfa9", element="9DBDECFFCAE138795E8B198AD8F06384_element_66")&gt; | &lt;selenium.webdriver.remote.webelement.WebEleme...</msg>
<status status="PASS" starttime="20231219 23:11:23.711" endtime="20231219 23:11:23.741"/>
</kw>
<for flavor="IN">
<var>${carname}</var>
<value>@{carnames}</value>
<iter>
<var name="${carname}">&lt;selenium.webdriver.remote.webelement.WebElement (session="b84d30d5bc126adaf7023d9b701edfa9", element="9DBDECFFCAE138795E8B198AD8F06384_element_66")&gt;</var>
<kw name="Get Text" library="SeleniumLibrary">
<var>${text}</var>
<arg>${carname}</arg>
<doc>Returns the text value of the element identified by ``locator``.</doc>
<msg timestamp="20231219 23:11:23.756" level="INFO">${text} = BMW X1</msg>
<status status="PASS" starttime="20231219 23:11:23.742" endtime="20231219 23:11:23.756"/>
</kw>
<kw name="Log To Console" library="BuiltIn">
<arg>${text}</arg>
<doc>Logs the given message to the console.</doc>
<status status="PASS" starttime="20231219 23:11:23.757" endtime="20231219 23:11:23.757"/>
</kw>
<status status="PASS" starttime="20231219 23:11:23.741" endtime="20231219 23:11:23.758"/>
</iter>
<iter>
<var name="${carname}">&lt;selenium.webdriver.remote.webelement.WebElement (session="b84d30d5bc126adaf7023d9b701edfa9", element="9DBDECFFCAE138795E8B198AD8F06384_element_67")&gt;</var>
<kw name="Get Text" library="SeleniumLibrary">
<var>${text}</var>
<arg>${carname}</arg>
<doc>Returns the text value of the element identified by ``locator``.</doc>
<msg timestamp="20231219 23:11:23.768" level="INFO">${text} = BMW 7 Series</msg>
<status status="PASS" starttime="20231219 23:11:23.759" endtime="20231219 23:11:23.768"/>
</kw>
<kw name="Log To Console" library="BuiltIn">
<arg>${text}</arg>
<doc>Logs the given message to the console.</doc>
<status status="PASS" starttime="20231219 23:11:23.769" endtime="20231219 23:11:23.769"/>
</kw>
<status status="PASS" starttime="20231219 23:11:23.758" endtime="20231219 23:11:23.769"/>
</iter>
<iter>
<var name="${carname}">&lt;selenium.webdriver.remote.webelement.WebElement (session="b84d30d5bc126adaf7023d9b701edfa9", element="9DBDECFFCAE138795E8B198AD8F06384_element_68")&gt;</var>
<kw name="Get Text" library="SeleniumLibrary">
<var>${text}</var>
<arg>${carname}</arg>
<doc>Returns the text value of the element identified by ``locator``.</doc>
<msg timestamp="20231219 23:11:23.777" level="INFO">${text} = BMW 2 Series Gran Coupe</msg>
<status status="PASS" starttime="20231219 23:11:23.770" endtime="20231219 23:11:23.777"/>
</kw>
<kw name="Log To Console" library="BuiltIn">
<arg>${text}</arg>
<doc>Logs the given message to the console.</doc>
<status status="PASS" starttime="20231219 23:11:23.777" endtime="20231219 23:11:23.778"/>
</kw>
<status status="PASS" starttime="20231219 23:11:23.769" endtime="20231219 23:11:23.778"/>
</iter>
<iter>
<var name="${carname}">&lt;selenium.webdriver.remote.webelement.WebElement (session="b84d30d5bc126adaf7023d9b701edfa9", element="9DBDECFFCAE138795E8B198AD8F06384_element_69")&gt;</var>
<kw name="Get Text" library="SeleniumLibrary">
<var>${text}</var>
<arg>${carname}</arg>
<doc>Returns the text value of the element identified by ``locator``.</doc>
<msg timestamp="20231219 23:11:23.788" level="INFO">${text} = BMW X7</msg>
<status status="PASS" starttime="20231219 23:11:23.778" endtime="20231219 23:11:23.788"/>
</kw>
<kw name="Log To Console" library="BuiltIn">
<arg>${text}</arg>
<doc>Logs the given message to the console.</doc>
<status status="PASS" starttime="20231219 23:11:23.788" endtime="20231219 23:11:23.789"/>
</kw>
<status status="PASS" starttime="20231219 23:11:23.778" endtime="20231219 23:11:23.789"/>
</iter>
<iter>
<var name="${carname}">&lt;selenium.webdriver.remote.webelement.WebElement (session="b84d30d5bc126adaf7023d9b701edfa9", element="9DBDECFFCAE138795E8B198AD8F06384_element_70")&gt;</var>
<kw name="Get Text" library="SeleniumLibrary">
<var>${text}</var>
<arg>${carname}</arg>
<doc>Returns the text value of the element identified by ``locator``.</doc>
<msg timestamp="20231219 23:11:23.797" level="INFO">${text} = BMW 3 Series Gran Limousine</msg>
<status status="PASS" starttime="20231219 23:11:23.789" endtime="20231219 23:11:23.797"/>
</kw>
<kw name="Log To Console" library="BuiltIn">
<arg>${text}</arg>
<doc>Logs the given message to the console.</doc>
<status status="PASS" starttime="20231219 23:11:23.797" endtime="20231219 23:11:23.798"/>
</kw>
<status status="PASS" starttime="20231219 23:11:23.789" endtime="20231219 23:11:23.798"/>
</iter>
<iter>
<var name="${carname}">&lt;selenium.webdriver.remote.webelement.WebElement (session="b84d30d5bc126adaf7023d9b701edfa9", element="9DBDECFFCAE138795E8B198AD8F06384_element_71")&gt;</var>
<kw name="Get Text" library="SeleniumLibrary">
<var>${text}</var>
<arg>${carname}</arg>
<doc>Returns the text value of the element identified by ``locator``.</doc>
<msg timestamp="20231219 23:11:23.806" level="INFO">${text} = BMW Z4</msg>
<status status="PASS" starttime="20231219 23:11:23.799" endtime="20231219 23:11:23.806"/>
</kw>
<kw name="Log To Console" library="BuiltIn">
<arg>${text}</arg>
<doc>Logs the given message to the console.</doc>
<status status="PASS" starttime="20231219 23:11:23.806" endtime="20231219 23:11:23.806"/>
</kw>
<status status="PASS" starttime="20231219 23:11:23.798" endtime="20231219 23:11:23.807"/>
</iter>
<iter>
<var name="${carname}">&lt;selenium.webdriver.remote.webelement.WebElement (session="b84d30d5bc126adaf7023d9b701edfa9", element="9DBDECFFCAE138795E8B198AD8F06384_element_72")&gt;</var>
<kw name="Get Text" library="SeleniumLibrary">
<var>${text}</var>
<arg>${carname}</arg>
<doc>Returns the text value of the element identified by ``locator``.</doc>
<msg timestamp="20231219 23:11:23.813" level="INFO">${text} = BMW M340i</msg>
<status status="PASS" starttime="20231219 23:11:23.807" endtime="20231219 23:11:23.813"/>
</kw>
<kw name="Log To Console" library="BuiltIn">
<arg>${text}</arg>
<doc>Logs the given message to the console.</doc>
<status status="PASS" starttime="20231219 23:11:23.813" endtime="20231219 23:11:23.814"/>
</kw>
<status status="PASS" starttime="20231219 23:11:23.807" endtime="20231219 23:11:23.814"/>
</iter>
<iter>
<var name="${carname}">&lt;selenium.webdriver.remote.webelement.WebElement (session="b84d30d5bc126adaf7023d9b701edfa9", element="9DBDECFFCAE138795E8B198AD8F06384_element_73")&gt;</var>
<kw name="Get Text" library="SeleniumLibrary">
<var>${text}</var>
<arg>${carname}</arg>
<doc>Returns the text value of the element identified by ``locator``.</doc>
<msg timestamp="20231219 23:11:23.822" level="INFO">${text} = BMW M4 Competition</msg>
<status status="PASS" starttime="20231219 23:11:23.815" endtime="20231219 23:11:23.822"/>
</kw>
<kw name="Log To Console" library="BuiltIn">
<arg>${text}</arg>
<doc>Logs the given message to the console.</doc>
<status status="PASS" starttime="20231219 23:11:23.822" endtime="20231219 23:11:23.823"/>
</kw>
<status status="PASS" starttime="20231219 23:11:23.814" endtime="20231219 23:11:23.823"/>
</iter>
<iter>
<var name="${carname}">&lt;selenium.webdriver.remote.webelement.WebElement (session="b84d30d5bc126adaf7023d9b701edfa9", element="9DBDECFFCAE138795E8B198AD8F06384_element_74")&gt;</var>
<kw name="Get Text" library="SeleniumLibrary">
<var>${text}</var>
<arg>${carname}</arg>
<doc>Returns the text value of the element identified by ``locator``.</doc>
<msg timestamp="20231219 23:11:23.830" level="INFO">${text} = BMW 5 Series</msg>
<status status="PASS" starttime="20231219 23:11:23.823" endtime="20231219 23:11:23.830"/>
</kw>
<kw name="Log To Console" library="BuiltIn">
<arg>${text}</arg>
<doc>Logs the given message to the console.</doc>
<status status="PASS" starttime="20231219 23:11:23.831" endtime="20231219 23:11:23.831"/>
</kw>
<status status="PASS" starttime="20231219 23:11:23.823" endtime="20231219 23:11:23.831"/>
</iter>
<iter>
<var name="${carname}">&lt;selenium.webdriver.remote.webelement.WebElement (session="b84d30d5bc126adaf7023d9b701edfa9", element="9DBDECFFCAE138795E8B198AD8F06384_element_75")&gt;</var>
<kw name="Get Text" library="SeleniumLibrary">
<var>${text}</var>
<arg>${carname}</arg>
<doc>Returns the text value of the element identified by ``locator``.</doc>
<msg timestamp="20231219 23:11:23.838" level="INFO">${text} = BMW 6 Series GT</msg>
<status status="PASS" starttime="20231219 23:11:23.832" endtime="20231219 23:11:23.838"/>
</kw>
<kw name="Log To Console" library="BuiltIn">
<arg>${text}</arg>
<doc>Logs the given message to the console.</doc>
<status status="PASS" starttime="20231219 23:11:23.839" endtime="20231219 23:11:23.839"/>
</kw>
<status status="PASS" starttime="20231219 23:11:23.831" endtime="20231219 23:11:23.839"/>
</iter>
<iter>
<var name="${carname}">&lt;selenium.webdriver.remote.webelement.WebElement (session="b84d30d5bc126adaf7023d9b701edfa9", element="9DBDECFFCAE138795E8B198AD8F06384_element_76")&gt;</var>
<kw name="Get Text" library="SeleniumLibrary">
<var>${text}</var>
<arg>${carname}</arg>
<doc>Returns the text value of the element identified by ``locator``.</doc>
<msg timestamp="20231219 23:11:23.847" level="INFO">${text} = BMW X5</msg>
<status status="PASS" starttime="20231219 23:11:23.840" endtime="20231219 23:11:23.847"/>
</kw>
<kw name="Log To Console" library="BuiltIn">
<arg>${text}</arg>
<doc>Logs the given message to the console.</doc>
<status status="PASS" starttime="20231219 23:11:23.847" endtime="20231219 23:11:23.848"/>
</kw>
<status status="PASS" starttime="20231219 23:11:23.839" endtime="20231219 23:11:23.848"/>
</iter>
<iter>
<var name="${carname}">&lt;selenium.webdriver.remote.webelement.WebElement (session="b84d30d5bc126adaf7023d9b701edfa9", element="9DBDECFFCAE138795E8B198AD8F06384_element_77")&gt;</var>
<kw name="Get Text" library="SeleniumLibrary">
<var>${text}</var>
<arg>${carname}</arg>
<doc>Returns the text value of the element identified by ``locator``.</doc>
<msg timestamp="20231219 23:11:23.855" level="INFO">${text} = BMW XM</msg>
<status status="PASS" starttime="20231219 23:11:23.848" endtime="20231219 23:11:23.855"/>
</kw>
<kw name="Log To Console" library="BuiltIn">
<arg>${text}</arg>
<doc>Logs the given message to the console.</doc>
<status status="PASS" starttime="20231219 23:11:23.855" endtime="20231219 23:11:23.856"/>
</kw>
<status status="PASS" starttime="20231219 23:11:23.848" endtime="20231219 23:11:23.856"/>
</iter>
<iter>
<var name="${carname}">&lt;selenium.webdriver.remote.webelement.WebElement (session="b84d30d5bc126adaf7023d9b701edfa9", element="9DBDECFFCAE138795E8B198AD8F06384_element_78")&gt;</var>
<kw name="Get Text" library="SeleniumLibrary">
<var>${text}</var>
<arg>${carname}</arg>
<doc>Returns the text value of the element identified by ``locator``.</doc>
<msg timestamp="20231219 23:11:23.862" level="INFO">${text} = BMW M8</msg>
<status status="PASS" starttime="20231219 23:11:23.856" endtime="20231219 23:11:23.862"/>
</kw>
<kw name="Log To Console" library="BuiltIn">
<arg>${text}</arg>
<doc>Logs the given message to the console.</doc>
<status status="PASS" starttime="20231219 23:11:23.862" endtime="20231219 23:11:23.863"/>
</kw>
<status status="PASS" starttime="20231219 23:11:23.856" endtime="20231219 23:11:23.863"/>
</iter>
<iter>
<var name="${carname}">&lt;selenium.webdriver.remote.webelement.WebElement (session="b84d30d5bc126adaf7023d9b701edfa9", element="9DBDECFFCAE138795E8B198AD8F06384_element_79")&gt;</var>
<kw name="Get Text" library="SeleniumLibrary">
<var>${text}</var>
<arg>${carname}</arg>
<doc>Returns the text value of the element identified by ``locator``.</doc>
<msg timestamp="20231219 23:11:23.872" level="INFO">${text} = BMW X3</msg>
<status status="PASS" starttime="20231219 23:11:23.863" endtime="20231219 23:11:23.872"/>
</kw>
<kw name="Log To Console" library="BuiltIn">
<arg>${text}</arg>
<doc>Logs the given message to the console.</doc>
<status status="PASS" starttime="20231219 23:11:23.872" endtime="20231219 23:11:23.873"/>
</kw>
<status status="PASS" starttime="20231219 23:11:23.863" endtime="20231219 23:11:23.873"/>
</iter>
<iter>
<var name="${carname}">&lt;selenium.webdriver.remote.webelement.WebElement (session="b84d30d5bc126adaf7023d9b701edfa9", element="9DBDECFFCAE138795E8B198AD8F06384_element_80")&gt;</var>
<kw name="Get Text" library="SeleniumLibrary">
<var>${text}</var>
<arg>${carname}</arg>
<doc>Returns the text value of the element identified by ``locator``.</doc>
<msg timestamp="20231219 23:11:23.880" level="INFO">${text} = BMW M2</msg>
<status status="PASS" starttime="20231219 23:11:23.873" endtime="20231219 23:11:23.880"/>
</kw>
<kw name="Log To Console" library="BuiltIn">
<arg>${text}</arg>
<doc>Logs the given message to the console.</doc>
<status status="PASS" starttime="20231219 23:11:23.880" endtime="20231219 23:11:23.880"/>
</kw>
<status status="PASS" starttime="20231219 23:11:23.873" endtime="20231219 23:11:23.881"/>
</iter>
<iter>
<var name="${carname}">&lt;selenium.webdriver.remote.webelement.WebElement (session="b84d30d5bc126adaf7023d9b701edfa9", element="9DBDECFFCAE138795E8B198AD8F06384_element_81")&gt;</var>
<kw name="Get Text" library="SeleniumLibrary">
<var>${text}</var>
<arg>${carname}</arg>
<doc>Returns the text value of the element identified by ``locator``.</doc>
<msg timestamp="20231219 23:11:23.889" level="INFO">${text} = BMW X4 M40i</msg>
<status status="PASS" starttime="20231219 23:11:23.881" endtime="20231219 23:11:23.889"/>
</kw>
<kw name="Log To Console" library="BuiltIn">
<arg>${text}</arg>
<doc>Logs the given message to the console.</doc>
<status status="PASS" starttime="20231219 23:11:23.889" endtime="20231219 23:11:23.890"/>
</kw>
<status status="PASS" starttime="20231219 23:11:23.881" endtime="20231219 23:11:23.890"/>
</iter>
<iter>
<var name="${carname}">&lt;selenium.webdriver.remote.webelement.WebElement (session="b84d30d5bc126adaf7023d9b701edfa9", element="9DBDECFFCAE138795E8B198AD8F06384_element_82")&gt;</var>
<kw name="Get Text" library="SeleniumLibrary">
<var>${text}</var>
<arg>${carname}</arg>
<doc>Returns the text value of the element identified by ``locator``.</doc>
<msg timestamp="20231219 23:11:23.897" level="INFO">${text} = BMW i7</msg>
<status status="PASS" starttime="20231219 23:11:23.890" endtime="20231219 23:11:23.897"/>
</kw>
<kw name="Log To Console" library="BuiltIn">
<arg>${text}</arg>
<doc>Logs the given message to the console.</doc>
<status status="PASS" starttime="20231219 23:11:23.897" endtime="20231219 23:11:23.898"/>
</kw>
<status status="PASS" starttime="20231219 23:11:23.890" endtime="20231219 23:11:23.898"/>
</iter>
<iter>
<var name="${carname}">&lt;selenium.webdriver.remote.webelement.WebElement (session="b84d30d5bc126adaf7023d9b701edfa9", element="9DBDECFFCAE138795E8B198AD8F06384_element_83")&gt;</var>
<kw name="Get Text" library="SeleniumLibrary">
<var>${text}</var>
<arg>${carname}</arg>
<doc>Returns the text value of the element identified by ``locator``.</doc>
<msg timestamp="20231219 23:11:23.904" level="INFO">${text} = BMW i4</msg>
<status status="PASS" starttime="20231219 23:11:23.898" endtime="20231219 23:11:23.905"/>
</kw>
<kw name="Log To Console" library="BuiltIn">
<arg>${text}</arg>
<doc>Logs the given message to the console.</doc>
<status status="PASS" starttime="20231219 23:11:23.905" endtime="20231219 23:11:23.905"/>
</kw>
<status status="PASS" starttime="20231219 23:11:23.898" endtime="20231219 23:11:23.905"/>
</iter>
<iter>
<var name="${carname}">&lt;selenium.webdriver.remote.webelement.WebElement (session="b84d30d5bc126adaf7023d9b701edfa9", element="9DBDECFFCAE138795E8B198AD8F06384_element_84")&gt;</var>
<kw name="Get Text" library="SeleniumLibrary">
<var>${text}</var>
<arg>${carname}</arg>
<doc>Returns the text value of the element identified by ``locator``.</doc>
<msg timestamp="20231219 23:11:23.914" level="INFO">${text} = BMW iX1</msg>
<status status="PASS" starttime="20231219 23:11:23.906" endtime="20231219 23:11:23.914"/>
</kw>
<kw name="Log To Console" library="BuiltIn">
<arg>${text}</arg>
<doc>Logs the given message to the console.</doc>
<status status="PASS" starttime="20231219 23:11:23.914" endtime="20231219 23:11:23.915"/>
</kw>
<status status="PASS" starttime="20231219 23:11:23.905" endtime="20231219 23:11:23.915"/>
</iter>
<iter>
<var name="${carname}">&lt;selenium.webdriver.remote.webelement.WebElement (session="b84d30d5bc126adaf7023d9b701edfa9", element="9DBDECFFCAE138795E8B198AD8F06384_element_85")&gt;</var>
<kw name="Get Text" library="SeleniumLibrary">
<var>${text}</var>
<arg>${carname}</arg>
<doc>Returns the text value of the element identified by ``locator``.</doc>
<msg timestamp="20231219 23:11:23.922" level="INFO">${text} = BMW iX</msg>
<status status="PASS" starttime="20231219 23:11:23.915" endtime="20231219 23:11:23.922"/>
</kw>
<kw name="Log To Console" library="BuiltIn">
<arg>${text}</arg>
<doc>Logs the given message to the console.</doc>
<status status="PASS" starttime="20231219 23:11:23.922" endtime="20231219 23:11:23.922"/>
</kw>
<status status="PASS" starttime="20231219 23:11:23.915" endtime="20231219 23:11:23.923"/>
</iter>
<iter>
<var name="${carname}">&lt;selenium.webdriver.remote.webelement.WebElement (session="b84d30d5bc126adaf7023d9b701edfa9", element="9DBDECFFCAE138795E8B198AD8F06384_element_86")&gt;</var>
<kw name="Get Text" library="SeleniumLibrary">
<var>${text}</var>
<arg>${carname}</arg>
<doc>Returns the text value of the element identified by ``locator``.</doc>
<msg timestamp="20231219 23:11:23.930" level="INFO">${text} = BMW X5 M</msg>
<status status="PASS" starttime="20231219 23:11:23.923" endtime="20231219 23:11:23.930"/>
</kw>
<kw name="Log To Console" library="BuiltIn">
<arg>${text}</arg>
<doc>Logs the given message to the console.</doc>
<status status="PASS" starttime="20231219 23:11:23.931" endtime="20231219 23:11:23.931"/>
</kw>
<status status="PASS" starttime="20231219 23:11:23.923" endtime="20231219 23:11:23.931"/>
</iter>
<iter>
<var name="${carname}">&lt;selenium.webdriver.remote.webelement.WebElement (session="b84d30d5bc126adaf7023d9b701edfa9", element="9DBDECFFCAE138795E8B198AD8F06384_element_87")&gt;</var>
<kw name="Get Text" library="SeleniumLibrary">
<var>${text}</var>
<arg>${carname}</arg>
<doc>Returns the text value of the element identified by ``locator``.</doc>
<msg timestamp="20231219 23:11:23.938" level="INFO">${text} = BMW X3 M40i</msg>
<status status="PASS" starttime="20231219 23:11:23.932" endtime="20231219 23:11:23.938"/>
</kw>
<kw name="Log To Console" library="BuiltIn">
<arg>${text}</arg>
<doc>Logs the given message to the console.</doc>
<status status="PASS" starttime="20231219 23:11:23.939" endtime="20231219 23:11:23.939"/>
</kw>
<status status="PASS" starttime="20231219 23:11:23.931" endtime="20231219 23:11:23.939"/>
</iter>
<iter>
<var name="${carname}">&lt;selenium.webdriver.remote.webelement.WebElement (session="b84d30d5bc126adaf7023d9b701edfa9", element="9DBDECFFCAE138795E8B198AD8F06384_element_88")&gt;</var>
<kw name="Get Text" library="SeleniumLibrary">
<var>${text}</var>
<arg>${carname}</arg>
<doc>Returns the text value of the element identified by ``locator``.</doc>
<msg timestamp="20231219 23:11:23.948" level="INFO">${text} = BMW X8</msg>
<status status="PASS" starttime="20231219 23:11:23.940" endtime="20231219 23:11:23.948"/>
</kw>
<kw name="Log To Console" library="BuiltIn">
<arg>${text}</arg>
<doc>Logs the given message to the console.</doc>
<status status="PASS" starttime="20231219 23:11:23.948" endtime="20231219 23:11:23.948"/>
</kw>
<status status="PASS" starttime="20231219 23:11:23.939" endtime="20231219 23:11:23.948"/>
</iter>
<status status="PASS" starttime="20231219 23:11:23.741" endtime="20231219 23:11:23.949"/>
</for>
<status status="PASS" starttime="20231219 23:11:23.711" endtime="20231219 23:11:23.949"/>
</kw>
<status status="PASS" starttime="20231219 23:11:13.373" endtime="20231219 23:11:23.949"/>
</kw>
<kw name="Finish Test Case" library="commons" type="TEARDOWN">
<kw name="Log" library="BuiltIn">
<arg>Ending the test case</arg>
<doc>Logs the given message with the given level.</doc>
<msg timestamp="20231219 23:11:23.950" level="INFO">Ending the test case</msg>
<status status="PASS" starttime="20231219 23:11:23.949" endtime="20231219 23:11:23.950"/>
</kw>
<kw name="Close Browser" library="SeleniumLibrary">
<doc>Closes the current browser.</doc>
<status status="PASS" starttime="20231219 23:11:23.950" endtime="20231219 23:11:26.579"/>
</kw>
<status status="PASS" starttime="20231219 23:11:23.949" endtime="20231219 23:11:26.579"/>
</kw>
<status status="PASS" starttime="20231219 23:11:13.370" endtime="20231219 23:11:26.580"/>
</test>
<status status="PASS" starttime="20231219 23:10:33.946" endtime="20231219 23:11:26.581"/>
</suite>
<status status="PASS" starttime="20231219 23:10:33.935" endtime="20231219 23:11:26.583"/>
</suite>
<statistics>
<total>
<stat pass="3" fail="0" skip="0">All Tests</stat>
</total>
<tag>
</tag>
<suite>
<stat pass="3" fail="0" skip="0" id="s1" name="testCases">testCases</stat>
<stat pass="3" fail="0" skip="0" id="s1-s1" name="getCarNameTest">testCases.getCarNameTest</stat>
</suite>
</statistics>
<errors>
</errors>
</robot>
